2026-02-22 12:15:13,253 INFO o.a.j.u.JMeterUtils: Setting Locale to en_EN
2026-02-22 12:15:13,287 INFO o.a.j.JMeter: Loading user properties from: C:\Users\Sejal Patil\Downloads\apache-jmeter-5.6.3\apache-jmeter-5.6.3\bin\user.properties
2026-02-22 12:15:13,289 INFO o.a.j.JMeter: Loading system properties from: C:\Users\Sejal Patil\Downloads\apache-jmeter-5.6.3\apache-jmeter-5.6.3\bin\system.properties
2026-02-22 12:15:13,302 INFO o.a.j.JMeter: Copyright (c) 1998-2024 The Apache Software Foundation
2026-02-22 12:15:13,303 INFO o.a.j.JMeter: Version 5.6.3
2026-02-22 12:15:13,303 INFO o.a.j.JMeter: java.version=25.0.1
2026-02-22 12:15:13,303 INFO o.a.j.JMeter: java.vm.name=Java HotSpot(TM) 64-Bit Server VM
2026-02-22 12:15:13,303 INFO o.a.j.JMeter: os.name=Windows 11
2026-02-22 12:15:13,310 INFO o.a.j.JMeter: os.arch=amd64
2026-02-22 12:15:13,311 INFO o.a.j.JMeter: os.version=10.0
2026-02-22 12:15:13,311 INFO o.a.j.JMeter: file.encoding=UTF-8
2026-02-22 12:15:13,311 INFO o.a.j.JMeter: java.awt.headless=null
2026-02-22 12:15:13,311 INFO o.a.j.JMeter: Max memory     =1073741824
2026-02-22 12:15:13,312 INFO o.a.j.JMeter: Available Processors =8
2026-02-22 12:15:13,338 INFO o.a.j.JMeter: Default Locale=English (EN)
2026-02-22 12:15:13,340 INFO o.a.j.JMeter: JMeter  Locale=English (EN)
2026-02-22 12:15:13,340 INFO o.a.j.JMeter: JMeterHome=C:\Users\Sejal Patil\Downloads\apache-jmeter-5.6.3\apache-jmeter-5.6.3
2026-02-22 12:15:13,340 INFO o.a.j.JMeter: user.dir  =D:\Heavy_Backend_Development\Java-Server\SingleThreaded
2026-02-22 12:15:13,341 INFO o.a.j.JMeter: PWD       =D:\Heavy_Backend_Development\Java-Server\SingleThreaded
2026-02-22 12:15:13,347 INFO o.a.j.JMeter: IP: 192.168.74.159 Name: LAPTOP-ODS3D4QT FullName: LAPTOP-ODS3D4QT
2026-02-22 12:15:13,366 INFO o.a.j.JMeter: Loaded icon properties from org/apache/jmeter/images/icon.properties
2026-02-22 12:15:13,652 INFO o.a.j.JMeterGuiLauncher: Setting LAF to: com.github.weisj.darklaf.DarkLaf:com.github.weisj.darklaf.theme.DarculaTheme
2026-02-22 12:16:02,315 INFO o.a.j.e.StandardJMeterEngine: Running the test!
2026-02-22 12:16:02,318 INFO o.a.j.s.SampleEvent: List of sample_variables: []
2026-02-22 12:16:02,319 INFO o.a.j.s.SampleEvent: List of sample_variables: []
2026-02-22 12:16:02,325 INFO o.a.j.e.u.CompoundVariable: Note: Function class names must contain the string: '.functions.'
2026-02-22 12:16:02,326 INFO o.a.j.e.u.CompoundVariable: Note: Function class names must not contain the string: '.gui.'
2026-02-22 12:16:02,425 INFO o.a.j.g.u.JMeterMenuBar: setRunning(true, *local*)
2026-02-22 12:16:02,480 INFO o.a.j.e.StandardJMeterEngine: No enabled thread groups found
2026-02-22 12:16:02,481 INFO o.a.j.e.StandardJMeterEngine: Notifying test listeners of end of test
2026-02-22 12:16:02,485 INFO o.a.j.s.FileServer: Default base='D:\Heavy_Backend_Development\Java-Server\SingleThreaded'
2026-02-22 12:16:02,487 INFO o.a.j.g.u.JMeterMenuBar: setRunning(false, *local*)
2026-02-22 12:16:09,744 INFO o.a.j.g.a.Load: Loading file: C:\Users\Sejal Patil\Downloads\apache-jmeter-5.6.3\apache-jmeter-5.6.3\bin\Thread Group.jmx
2026-02-22 12:16:09,744 INFO o.a.j.s.FileServer: Set new base='C:\Users\Sejal Patil\Downloads\apache-jmeter-5.6.3\apache-jmeter-5.6.3\bin'
2026-02-22 12:16:10,276 INFO o.a.j.s.SaveService: Testplan (JMX) version: 2.2. Testlog (JTL) version: 2.2
2026-02-22 12:16:10,312 INFO o.a.j.s.SaveService: Using SaveService properties version 5.0
2026-02-22 12:16:10,318 INFO o.a.j.s.SaveService: Using SaveService properties file encoding UTF-8
2026-02-22 12:16:10,322 INFO o.a.j.s.SaveService: Loading file: C:\Users\Sejal Patil\Downloads\apache-jmeter-5.6.3\apache-jmeter-5.6.3\bin\Thread Group.jmx
2026-02-22 12:16:10,580 INFO o.a.j.s.SampleResult: Note: Sample TimeStamps are START times
2026-02-22 12:16:10,580 INFO o.a.j.s.SampleResult: sampleresult.default.encoding is set to UTF-8
2026-02-22 12:16:10,580 INFO o.a.j.s.SampleResult: sampleresult.useNanoTime=true
2026-02-22 12:16:10,580 INFO o.a.j.s.SampleResult: sampleresult.nanoThreadSleep=5000
2026-02-22 12:16:11,047 INFO o.a.j.s.FileServer: Set new base='C:\Users\Sejal Patil\Downloads\apache-jmeter-5.6.3\apache-jmeter-5.6.3\bin'
2026-02-22 12:16:45,862 INFO o.a.j.e.StandardJMeterEngine: Running the test!
2026-02-22 12:16:45,863 INFO o.a.j.s.SampleEvent: List of sample_variables: []
2026-02-22 12:16:45,885 INFO o.a.j.g.u.JMeterMenuBar: setRunning(true, *local*)
2026-02-22 12:16:45,971 INFO o.a.j.e.StandardJMeterEngine: Starting ThreadGroup: 1 : Thread Group
2026-02-22 12:16:45,972 INFO o.a.j.e.StandardJMeterEngine: Starting 200 threads for group Thread Group.
2026-02-22 12:16:45,973 INFO o.a.j.e.StandardJMeterEngine: Thread will continue on error
2026-02-22 12:16:45,974 INFO o.a.j.t.ThreadGroup: Starting thread group... number=1 threads=200 ramp-up=60 delayedStart=false
2026-02-22 12:16:45,991 INFO o.a.j.t.JMeterThread: Thread started: Thread Group 1-1
2026-02-22 12:16:46,002 INFO o.a.j.p.t.s.TCPClientImpl: Using platform default charset:UTF-8
2026-02-22 12:16:46,004 INFO o.a.j.p.t.s.TCPSampler: Using eolByte=10
2026-02-22 12:16:46,055 INFO o.a.j.t.JMeterThread: Thread is done: Thread Group 1-1
2026-02-22 12:16:46,055 INFO o.a.j.t.JMeterThread: Thread finished: Thread Group 1-1
2026-02-22 12:16:46,093 INFO o.a.j.t.ThreadGroup: Started thread group number 1
2026-02-22 12:16:46,094 INFO o.a.j.e.StandardJMeterEngine: All thread groups have been started
2026-02-22 12:16:46,282 INFO o.a.j.t.JMeterThread: Thread started: Thread Group 1-2
2026-02-22 12:16:46,283 INFO o.a.j.p.t.s.TCPClientImpl: Using platform default charset:UTF-8
2026-02-22 12:16:46,284 INFO o.a.j.p.t.s.TCPSampler: Using eolByte=10
2026-02-22 12:16:46,288 INFO o.a.j.t.JMeterThread: Thread is done: Thread Group 1-2
2026-02-22 12:16:46,288 INFO o.a.j.t.JMeterThread: Thread finished: Thread Group 1-2
2026-02-22 12:16:46,580 INFO o.a.j.t.JMeterThread: Thread started: Thread Group 1-3
2026-02-22 12:16:46,582 INFO o.a.j.p.t.s.TCPClientImpl: Using platform default charset:UTF-8
2026-02-22 12:16:46,582 INFO o.a.j.p.t.s.TCPSampler: Using eolByte=10
2026-02-22 12:16:46,588 INFO o.a.j.t.JMeterThread: Thread is done: Thread Group 1-3
2026-02-22 12:16:46,589 INFO o.a.j.t.JMeterThread: Thread finished: Thread Group 1-3
2026-02-22 12:16:46,885 INFO o.a.j.t.JMeterThread: Thread started: Thread Group 1-4
2026-02-22 12:16:46,886 INFO o.a.j.p.t.s.TCPClientImpl: Using platform default charset:UTF-8
2026-02-22 12:16:46,887 INFO o.a.j.p.t.s.TCPSampler: Using eolByte=10
2026-02-22 12:16:46,890 INFO o.a.j.t.JMeterThread: Thread is done: Thread Group 1-4
2026-02-22 12:16:46,890 INFO o.a.j.t.JMeterThread: Thread finished: Thread Group 1-4
2026-02-22 12:16:47,179 INFO o.a.j.t.JMeterThread: Thread started: Thread Group 1-5
2026-02-22 12:16:47,180 INFO o.a.j.p.t.s.TCPClientImpl: Using platform default charset:UTF-8
2026-02-22 12:16:47,181 INFO o.a.j.p.t.s.TCPSampler: Using eolByte=10
2026-02-22 12:16:47,185 INFO o.a.j.t.JMeterThread: Thread is done: Thread Group 1-5
2026-02-22 12:16:47,186 INFO o.a.j.t.JMeterThread: Thread finished: Thread Group 1-5
2026-02-22 12:16:47,480 INFO o.a.j.t.JMeterThread: Thread started: Thread Group 1-6
2026-02-22 12:16:47,481 INFO o.a.j.p.t.s.TCPClientImpl: Using platform default charset:UTF-8
2026-02-22 12:16:47,481 INFO o.a.j.p.t.s.TCPSampler: Using eolByte=10
2026-02-22 12:16:47,488 INFO o.a.j.t.JMeterThread: Thread is done: Thread Group 1-6
2026-02-22 12:16:47,488 INFO o.a.j.t.JMeterThread: Thread finished: Thread Group 1-6
2026-02-22 12:16:47,782 INFO o.a.j.t.JMeterThread: Thread started: Thread Group 1-7
2026-02-22 12:16:47,784 INFO o.a.j.p.t.s.TCPClientImpl: Using platform default charset:UTF-8
2026-02-22 12:16:47,784 INFO o.a.j.p.t.s.TCPSampler: Using eolByte=10
2026-02-22 12:16:47,787 INFO o.a.j.t.JMeterThread: Thread is done: Thread Group 1-7
2026-02-22 12:16:47,788 INFO o.a.j.t.JMeterThread: Thread finished: Thread Group 1-7
2026-02-22 12:16:48,107 INFO o.a.j.t.JMeterThread: Thread started: Thread Group 1-8
2026-02-22 12:16:48,109 INFO o.a.j.p.t.s.TCPClientImpl: Using platform default charset:UTF-8
2026-02-22 12:16:48,109 INFO o.a.j.p.t.s.TCPSampler: Using eolByte=10
2026-02-22 12:16:48,113 INFO o.a.j.t.JMeterThread: Thread is done: Thread Group 1-8
2026-02-22 12:16:48,115 INFO o.a.j.t.JMeterThread: Thread finished: Thread Group 1-8
2026-02-22 12:16:48,387 INFO o.a.j.t.JMeterThread: Thread started: Thread Group 1-9
2026-02-22 12:16:48,388 INFO o.a.j.p.t.s.TCPClientImpl: Using platform default charset:UTF-8
2026-02-22 12:16:48,388 INFO o.a.j.p.t.s.TCPSampler: Using eolByte=10
2026-02-22 12:16:48,391 INFO o.a.j.t.JMeterThread: Thread is done: Thread Group 1-9
2026-02-22 12:16:48,392 INFO o.a.j.t.JMeterThread: Thread finished: Thread Group 1-9
2026-02-22 12:16:48,683 INFO o.a.j.t.JMeterThread: Thread started: Thread Group 1-10
2026-02-22 12:16:48,684 INFO o.a.j.p.t.s.TCPClientImpl: Using platform default charset:UTF-8
2026-02-22 12:16:48,685 INFO o.a.j.p.t.s.TCPSampler: Using eolByte=10
2026-02-22 12:16:48,688 INFO o.a.j.t.JMeterThread: Thread is done: Thread Group 1-10
2026-02-22 12:16:48,689 INFO o.a.j.t.JMeterThread: Thread finished: Thread Group 1-10
2026-02-22 12:16:48,984 INFO o.a.j.t.JMeterThread: Thread started: Thread Group 1-11
2026-02-22 12:16:48,986 INFO o.a.j.p.t.s.TCPClientImpl: Using platform default charset:UTF-8
2026-02-22 12:16:48,986 INFO o.a.j.p.t.s.TCPSampler: Using eolByte=10
2026-02-22 12:16:48,993 INFO o.a.j.t.JMeterThread: Thread is done: Thread Group 1-11
2026-02-22 12:16:48,993 INFO o.a.j.t.JMeterThread: Thread finished: Thread Group 1-11
2026-02-22 12:16:49,296 INFO o.a.j.t.JMeterThread: Thread started: Thread Group 1-12
2026-02-22 12:16:49,297 INFO o.a.j.p.t.s.TCPClientImpl: Using platform default charset:UTF-8
2026-02-22 12:16:49,298 INFO o.a.j.p.t.s.TCPSampler: Using eolByte=10
2026-02-22 12:16:49,302 INFO o.a.j.t.JMeterThread: Thread is done: Thread Group 1-12
2026-02-22 12:16:49,303 INFO o.a.j.t.JMeterThread: Thread finished: Thread Group 1-12
2026-02-22 12:16:49,578 INFO o.a.j.t.JMeterThread: Thread started: Thread Group 1-13
2026-02-22 12:16:49,579 INFO o.a.j.p.t.s.TCPClientImpl: Using platform default charset:UTF-8
2026-02-22 12:16:49,579 INFO o.a.j.p.t.s.TCPSampler: Using eolByte=10
2026-02-22 12:16:49,584 INFO o.a.j.t.JMeterThread: Thread is done: Thread Group 1-13
2026-02-22 12:16:49,585 INFO o.a.j.t.JMeterThread: Thread finished: Thread Group 1-13
2026-02-22 12:16:49,887 INFO o.a.j.t.JMeterThread: Thread started: Thread Group 1-14
2026-02-22 12:16:49,888 INFO o.a.j.p.t.s.TCPClientImpl: Using platform default charset:UTF-8
2026-02-22 12:16:49,889 INFO o.a.j.p.t.s.TCPSampler: Using eolByte=10
2026-02-22 12:16:49,893 INFO o.a.j.t.JMeterThread: Thread is done: Thread Group 1-14
2026-02-22 12:16:49,893 INFO o.a.j.t.JMeterThread: Thread finished: Thread Group 1-14
2026-02-22 12:16:50,195 INFO o.a.j.t.JMeterThread: Thread started: Thread Group 1-15
2026-02-22 12:16:50,196 INFO o.a.j.p.t.s.TCPClientImpl: Using platform default charset:UTF-8
2026-02-22 12:16:50,196 INFO o.a.j.p.t.s.TCPSampler: Using eolByte=10
2026-02-22 12:16:50,200 INFO o.a.j.t.JMeterThread: Thread is done: Thread Group 1-15
2026-02-22 12:16:50,201 INFO o.a.j.t.JMeterThread: Thread finished: Thread Group 1-15
2026-02-22 12:16:50,501 INFO o.a.j.t.JMeterThread: Thread started: Thread Group 1-16
2026-02-22 12:16:50,502 INFO o.a.j.p.t.s.TCPClientImpl: Using platform default charset:UTF-8
2026-02-22 12:16:50,502 INFO o.a.j.p.t.s.TCPSampler: Using eolByte=10
2026-02-22 12:16:50,508 INFO o.a.j.t.JMeterThread: Thread is done: Thread Group 1-16
2026-02-22 12:16:50,508 INFO o.a.j.t.JMeterThread: Thread finished: Thread Group 1-16
2026-02-22 12:16:50,788 INFO o.a.j.t.JMeterThread: Thread started: Thread Group 1-17
2026-02-22 12:16:50,788 INFO o.a.j.p.t.s.TCPClientImpl: Using platform default charset:UTF-8
2026-02-22 12:16:50,789 INFO o.a.j.p.t.s.TCPSampler: Using eolByte=10
2026-02-22 12:16:50,794 INFO o.a.j.t.JMeterThread: Thread is done: Thread Group 1-17
2026-02-22 12:16:50,794 INFO o.a.j.t.JMeterThread: Thread finished: Thread Group 1-17
2026-02-22 12:16:51,077 INFO o.a.j.t.JMeterThread: Thread started: Thread Group 1-18
2026-02-22 12:16:51,085 INFO o.a.j.p.t.s.TCPClientImpl: Using platform default charset:UTF-8
2026-02-22 12:16:51,087 INFO o.a.j.p.t.s.TCPSampler: Using eolByte=10
2026-02-22 12:16:51,097 INFO o.a.j.t.JMeterThread: Thread is done: Thread Group 1-18
2026-02-22 12:16:51,098 INFO o.a.j.t.JMeterThread: Thread finished: Thread Group 1-18
2026-02-22 12:16:51,404 INFO o.a.j.t.JMeterThread: Thread started: Thread Group 1-19
2026-02-22 12:16:51,406 INFO o.a.j.p.t.s.TCPClientImpl: Using platform default charset:UTF-8
2026-02-22 12:16:51,406 INFO o.a.j.p.t.s.TCPSampler: Using eolByte=10
2026-02-22 12:16:51,409 INFO o.a.j.t.JMeterThread: Thread is done: Thread Group 1-19
2026-02-22 12:16:51,411 INFO o.a.j.t.JMeterThread: Thread finished: Thread Group 1-19
2026-02-22 12:16:51,690 INFO o.a.j.t.JMeterThread: Thread started: Thread Group 1-20
2026-02-22 12:16:51,691 INFO o.a.j.p.t.s.TCPClientImpl: Using platform default charset:UTF-8
2026-02-22 12:16:51,692 INFO o.a.j.p.t.s.TCPSampler: Using eolByte=10
2026-02-22 12:16:51,695 INFO o.a.j.t.JMeterThread: Thread is done: Thread Group 1-20
2026-02-22 12:16:51,698 INFO o.a.j.t.JMeterThread: Thread finished: Thread Group 1-20
2026-02-22 12:16:51,990 INFO o.a.j.t.JMeterThread: Thread started: Thread Group 1-21
2026-02-22 12:16:51,992 INFO o.a.j.p.t.s.TCPClientImpl: Using platform default charset:UTF-8
2026-02-22 12:16:51,994 INFO o.a.j.p.t.s.TCPSampler: Using eolByte=10
2026-02-22 12:16:51,999 INFO o.a.j.t.JMeterThread: Thread is done: Thread Group 1-21
2026-02-22 12:16:51,999 INFO o.a.j.t.JMeterThread: Thread finished: Thread Group 1-21
2026-02-22 12:16:52,276 INFO o.a.j.t.JMeterThread: Thread started: Thread Group 1-22
2026-02-22 12:16:52,278 INFO o.a.j.p.t.s.TCPClientImpl: Using platform default charset:UTF-8
2026-02-22 12:16:52,278 INFO o.a.j.p.t.s.TCPSampler: Using eolByte=10
2026-02-22 12:16:52,282 INFO o.a.j.t.JMeterThread: Thread is done: Thread Group 1-22
2026-02-22 12:16:52,282 INFO o.a.j.t.JMeterThread: Thread finished: Thread Group 1-22
2026-02-22 12:16:52,590 INFO o.a.j.t.JMeterThread: Thread started: Thread Group 1-23
2026-02-22 12:16:52,592 INFO o.a.j.p.t.s.TCPClientImpl: Using platform default charset:UTF-8
2026-02-22 12:16:52,592 INFO o.a.j.p.t.s.TCPSampler: Using eolByte=10
2026-02-22 12:16:52,599 INFO o.a.j.t.JMeterThread: Thread is done: Thread Group 1-23
2026-02-22 12:16:52,600 INFO o.a.j.t.JMeterThread: Thread finished: Thread Group 1-23
2026-02-22 12:16:52,902 INFO o.a.j.t.JMeterThread: Thread started: Thread Group 1-24
2026-02-22 12:16:52,903 INFO o.a.j.p.t.s.TCPClientImpl: Using platform default charset:UTF-8
2026-02-22 12:16:52,904 INFO o.a.j.p.t.s.TCPSampler: Using eolByte=10
2026-02-22 12:16:52,912 INFO o.a.j.t.JMeterThread: Thread is done: Thread Group 1-24
2026-02-22 12:16:52,912 INFO o.a.j.t.JMeterThread: Thread finished: Thread Group 1-24
2026-02-22 12:16:53,198 INFO o.a.j.t.JMeterThread: Thread started: Thread Group 1-25
2026-02-22 12:16:53,199 INFO o.a.j.p.t.s.TCPClientImpl: Using platform default charset:UTF-8
2026-02-22 12:16:53,199 INFO o.a.j.p.t.s.TCPSampler: Using eolByte=10
2026-02-22 12:16:53,204 INFO o.a.j.t.JMeterThread: Thread is done: Thread Group 1-25
2026-02-22 12:16:53,205 INFO o.a.j.t.JMeterThread: Thread finished: Thread Group 1-25
2026-02-22 12:16:53,489 INFO o.a.j.t.JMeterThread: Thread started: Thread Group 1-26
2026-02-22 12:16:53,490 INFO o.a.j.p.t.s.TCPClientImpl: Using platform default charset:UTF-8
2026-02-22 12:16:53,490 INFO o.a.j.p.t.s.TCPSampler: Using eolByte=10
2026-02-22 12:16:53,494 INFO o.a.j.t.JMeterThread: Thread is done: Thread Group 1-26
2026-02-22 12:16:53,494 INFO o.a.j.t.JMeterThread: Thread finished: Thread Group 1-26
2026-02-22 12:16:53,788 INFO o.a.j.t.JMeterThread: Thread started: Thread Group 1-27
2026-02-22 12:16:53,789 INFO o.a.j.p.t.s.TCPClientImpl: Using platform default charset:UTF-8
2026-02-22 12:16:53,789 INFO o.a.j.p.t.s.TCPSampler: Using eolByte=10
2026-02-22 12:16:53,793 INFO o.a.j.t.JMeterThread: Thread is done: Thread Group 1-27
2026-02-22 12:16:53,793 INFO o.a.j.t.JMeterThread: Thread finished: Thread Group 1-27
2026-02-22 12:16:54,100 INFO o.a.j.t.JMeterThread: Thread started: Thread Group 1-28
2026-02-22 12:16:54,101 INFO o.a.j.p.t.s.TCPClientImpl: Using platform default charset:UTF-8
2026-02-22 12:16:54,101 INFO o.a.j.p.t.s.TCPSampler: Using eolByte=10
2026-02-22 12:16:54,104 INFO o.a.j.t.JMeterThread: Thread is done: Thread Group 1-28
2026-02-22 12:16:54,106 INFO o.a.j.t.JMeterThread: Thread finished: Thread Group 1-28
2026-02-22 12:16:54,387 INFO o.a.j.t.JMeterThread: Thread started: Thread Group 1-29
2026-02-22 12:16:54,408 INFO o.a.j.p.t.s.TCPClientImpl: Using platform default charset:UTF-8
2026-02-22 12:16:54,408 INFO o.a.j.p.t.s.TCPSampler: Using eolByte=10
2026-02-22 12:16:54,412 INFO o.a.j.t.JMeterThread: Thread is done: Thread Group 1-29
2026-02-22 12:16:54,412 INFO o.a.j.t.JMeterThread: Thread finished: Thread Group 1-29
2026-02-22 12:16:54,688 INFO o.a.j.t.JMeterThread: Thread started: Thread Group 1-30
2026-02-22 12:16:54,689 INFO o.a.j.p.t.s.TCPClientImpl: Using platform default charset:UTF-8
2026-02-22 12:16:54,690 INFO o.a.j.p.t.s.TCPSampler: Using eolByte=10
2026-02-22 12:16:54,695 INFO o.a.j.t.JMeterThread: Thread is done: Thread Group 1-30
2026-02-22 12:16:54,697 INFO o.a.j.t.JMeterThread: Thread finished: Thread Group 1-30
2026-02-22 12:16:54,987 INFO o.a.j.t.JMeterThread: Thread started: Thread Group 1-31
2026-02-22 12:16:54,988 INFO o.a.j.p.t.s.TCPClientImpl: Using platform default charset:UTF-8
2026-02-22 12:16:54,988 INFO o.a.j.p.t.s.TCPSampler: Using eolByte=10
2026-02-22 12:16:54,993 INFO o.a.j.t.JMeterThread: Thread is done: Thread Group 1-31
2026-02-22 12:16:54,994 INFO o.a.j.t.JMeterThread: Thread finished: Thread Group 1-31
2026-02-22 12:16:55,291 INFO o.a.j.t.JMeterThread: Thread started: Thread Group 1-32
2026-02-22 12:16:55,292 INFO o.a.j.p.t.s.TCPClientImpl: Using platform default charset:UTF-8
2026-02-22 12:16:55,293 INFO o.a.j.p.t.s.TCPSampler: Using eolByte=10
2026-02-22 12:16:55,305 INFO o.a.j.t.JMeterThread: Thread is done: Thread Group 1-32
2026-02-22 12:16:55,305 INFO o.a.j.t.JMeterThread: Thread finished: Thread Group 1-32
2026-02-22 12:16:55,585 INFO o.a.j.t.JMeterThread: Thread started: Thread Group 1-33
2026-02-22 12:16:55,586 INFO o.a.j.p.t.s.TCPClientImpl: Using platform default charset:UTF-8
2026-02-22 12:16:55,586 INFO o.a.j.p.t.s.TCPSampler: Using eolByte=10
2026-02-22 12:16:55,590 INFO o.a.j.t.JMeterThread: Thread is done: Thread Group 1-33
2026-02-22 12:16:55,591 INFO o.a.j.t.JMeterThread: Thread finished: Thread Group 1-33
2026-02-22 12:16:55,885 INFO o.a.j.t.JMeterThread: Thread started: Thread Group 1-34
2026-02-22 12:16:55,886 INFO o.a.j.p.t.s.TCPClientImpl: Using platform default charset:UTF-8
2026-02-22 12:16:55,886 INFO o.a.j.p.t.s.TCPSampler: Using eolByte=10
2026-02-22 12:16:55,890 INFO o.a.j.t.JMeterThread: Thread is done: Thread Group 1-34
2026-02-22 12:16:55,890 INFO o.a.j.t.JMeterThread: Thread finished: Thread Group 1-34
2026-02-22 12:16:56,185 INFO o.a.j.t.JMeterThread: Thread started: Thread Group 1-35
2026-02-22 12:16:56,186 INFO o.a.j.p.t.s.TCPClientImpl: Using platform default charset:UTF-8
2026-02-22 12:16:56,186 INFO o.a.j.p.t.s.TCPSampler: Using eolByte=10
2026-02-22 12:16:56,191 INFO o.a.j.t.JMeterThread: Thread is done: Thread Group 1-35
2026-02-22 12:16:56,192 INFO o.a.j.t.JMeterThread: Thread finished: Thread Group 1-35
2026-02-22 12:16:56,493 INFO o.a.j.t.JMeterThread: Thread started: Thread Group 1-36
2026-02-22 12:16:56,494 INFO o.a.j.p.t.s.TCPClientImpl: Using platform default charset:UTF-8
2026-02-22 12:16:56,494 INFO o.a.j.p.t.s.TCPSampler: Using eolByte=10
2026-02-22 12:16:56,501 INFO o.a.j.t.JMeterThread: Thread is done: Thread Group 1-36
2026-02-22 12:16:56,502 INFO o.a.j.t.JMeterThread: Thread finished: Thread Group 1-36
2026-02-22 12:16:56,784 INFO o.a.j.t.JMeterThread: Thread started: Thread Group 1-37
2026-02-22 12:16:56,785 INFO o.a.j.p.t.s.TCPClientImpl: Using platform default charset:UTF-8
2026-02-22 12:16:56,785 INFO o.a.j.p.t.s.TCPSampler: Using eolByte=10
2026-02-22 12:16:56,789 INFO o.a.j.t.JMeterThread: Thread is done: Thread Group 1-37
2026-02-22 12:16:56,789 INFO o.a.j.t.JMeterThread: Thread finished: Thread Group 1-37
2026-02-22 12:16:57,084 INFO o.a.j.t.JMeterThread: Thread started: Thread Group 1-38
2026-02-22 12:16:57,086 INFO o.a.j.p.t.s.TCPClientImpl: Using platform default charset:UTF-8
2026-02-22 12:16:57,086 INFO o.a.j.p.t.s.TCPSampler: Using eolByte=10
2026-02-22 12:16:57,090 INFO o.a.j.t.JMeterThread: Thread is done: Thread Group 1-38
2026-02-22 12:16:57,091 INFO o.a.j.t.JMeterThread: Thread finished: Thread Group 1-38
2026-02-22 12:16:57,376 INFO o.a.j.t.JMeterThread: Thread started: Thread Group 1-39
2026-02-22 12:16:57,377 INFO o.a.j.p.t.s.TCPClientImpl: Using platform default charset:UTF-8
2026-02-22 12:16:57,377 INFO o.a.j.p.t.s.TCPSampler: Using eolByte=10
2026-02-22 12:16:57,384 INFO o.a.j.t.JMeterThread: Thread is done: Thread Group 1-39
2026-02-22 12:16:57,385 INFO o.a.j.t.JMeterThread: Thread finished: Thread Group 1-39
2026-02-22 12:16:57,691 INFO o.a.j.t.JMeterThread: Thread started: Thread Group 1-40
2026-02-22 12:16:57,692 INFO o.a.j.p.t.s.TCPClientImpl: Using platform default charset:UTF-8
2026-02-22 12:16:57,692 INFO o.a.j.p.t.s.TCPSampler: Using eolByte=10
2026-02-22 12:16:57,696 INFO o.a.j.t.JMeterThread: Thread is done: Thread Group 1-40
2026-02-22 12:16:57,696 INFO o.a.j.t.JMeterThread: Thread finished: Thread Group 1-40
2026-02-22 12:16:57,977 INFO o.a.j.t.JMeterThread: Thread started: Thread Group 1-41
2026-02-22 12:16:57,978 INFO o.a.j.p.t.s.TCPClientImpl: Using platform default charset:UTF-8
2026-02-22 12:16:57,978 INFO o.a.j.p.t.s.TCPSampler: Using eolByte=10
2026-02-22 12:16:57,991 INFO o.a.j.t.JMeterThread: Thread is done: Thread Group 1-41
2026-02-22 12:16:57,992 INFO o.a.j.t.JMeterThread: Thread finished: Thread Group 1-41
2026-02-22 12:16:58,284 INFO o.a.j.t.JMeterThread: Thread started: Thread Group 1-42
2026-02-22 12:16:58,285 INFO o.a.j.p.t.s.TCPClientImpl: Using platform default charset:UTF-8
2026-02-22 12:16:58,287 INFO o.a.j.p.t.s.TCPSampler: Using eolByte=10
2026-02-22 12:16:58,293 INFO o.a.j.t.JMeterThread: Thread is done: Thread Group 1-42
2026-02-22 12:16:58,294 INFO o.a.j.t.JMeterThread: Thread finished: Thread Group 1-42
2026-02-22 12:16:58,582 INFO o.a.j.t.JMeterThread: Thread started: Thread Group 1-43
2026-02-22 12:16:58,583 INFO o.a.j.p.t.s.TCPClientImpl: Using platform default charset:UTF-8
2026-02-22 12:16:58,583 INFO o.a.j.p.t.s.TCPSampler: Using eolByte=10
2026-02-22 12:16:58,588 INFO o.a.j.t.JMeterThread: Thread is done: Thread Group 1-43
2026-02-22 12:16:58,588 INFO o.a.j.t.JMeterThread: Thread finished: Thread Group 1-43
2026-02-22 12:16:58,887 INFO o.a.j.t.JMeterThread: Thread started: Thread Group 1-44
2026-02-22 12:16:58,888 INFO o.a.j.p.t.s.TCPClientImpl: Using platform default charset:UTF-8
2026-02-22 12:16:58,888 INFO o.a.j.p.t.s.TCPSampler: Using eolByte=10
2026-02-22 12:16:58,906 INFO o.a.j.t.JMeterThread: Thread is done: Thread Group 1-44
2026-02-22 12:16:58,906 INFO o.a.j.t.JMeterThread: Thread finished: Thread Group 1-44
2026-02-22 12:16:59,184 INFO o.a.j.t.JMeterThread: Thread started: Thread Group 1-45
2026-02-22 12:16:59,184 INFO o.a.j.p.t.s.TCPClientImpl: Using platform default charset:UTF-8
2026-02-22 12:16:59,185 INFO o.a.j.p.t.s.TCPSampler: Using eolByte=10
2026-02-22 12:16:59,189 INFO o.a.j.t.JMeterThread: Thread is done: Thread Group 1-45
2026-02-22 12:16:59,189 INFO o.a.j.t.JMeterThread: Thread finished: Thread Group 1-45
2026-02-22 12:16:59,475 INFO o.a.j.t.JMeterThread: Thread started: Thread Group 1-46
2026-02-22 12:16:59,476 INFO o.a.j.p.t.s.TCPClientImpl: Using platform default charset:UTF-8
2026-02-22 12:16:59,476 INFO o.a.j.p.t.s.TCPSampler: Using eolByte=10
2026-02-22 12:16:59,485 INFO o.a.j.t.JMeterThread: Thread is done: Thread Group 1-46
2026-02-22 12:16:59,485 INFO o.a.j.t.JMeterThread: Thread finished: Thread Group 1-46
2026-02-22 12:16:59,778 INFO o.a.j.t.JMeterThread: Thread started: Thread Group 1-47
2026-02-22 12:16:59,779 INFO o.a.j.p.t.s.TCPClientImpl: Using platform default charset:UTF-8
2026-02-22 12:16:59,779 INFO o.a.j.p.t.s.TCPSampler: Using eolByte=10
2026-02-22 12:16:59,784 INFO o.a.j.t.JMeterThread: Thread is done: Thread Group 1-47
2026-02-22 12:16:59,784 INFO o.a.j.t.JMeterThread: Thread finished: Thread Group 1-47
2026-02-22 12:17:00,088 INFO o.a.j.t.JMeterThread: Thread started: Thread Group 1-48
2026-02-22 12:17:00,089 INFO o.a.j.p.t.s.TCPClientImpl: Using platform default charset:UTF-8
2026-02-22 12:17:00,089 INFO o.a.j.p.t.s.TCPSampler: Using eolByte=10
2026-02-22 12:17:00,094 INFO o.a.j.t.JMeterThread: Thread is done: Thread Group 1-48
2026-02-22 12:17:00,094 INFO o.a.j.t.JMeterThread: Thread finished: Thread Group 1-48
2026-02-22 12:17:00,386 INFO o.a.j.t.JMeterThread: Thread started: Thread Group 1-49
2026-02-22 12:17:00,387 INFO o.a.j.p.t.s.TCPClientImpl: Using platform default charset:UTF-8
2026-02-22 12:17:00,387 INFO o.a.j.p.t.s.TCPSampler: Using eolByte=10
2026-02-22 12:17:00,391 INFO o.a.j.t.JMeterThread: Thread is done: Thread Group 1-49
2026-02-22 12:17:00,391 INFO o.a.j.t.JMeterThread: Thread finished: Thread Group 1-49
2026-02-22 12:17:00,676 INFO o.a.j.t.JMeterThread: Thread started: Thread Group 1-50
2026-02-22 12:17:00,677 INFO o.a.j.p.t.s.TCPClientImpl: Using platform default charset:UTF-8
2026-02-22 12:17:00,677 INFO o.a.j.p.t.s.TCPSampler: Using eolByte=10
2026-02-22 12:17:00,680 INFO o.a.j.t.JMeterThread: Thread is done: Thread Group 1-50
2026-02-22 12:17:00,680 INFO o.a.j.t.JMeterThread: Thread finished: Thread Group 1-50
2026-02-22 12:17:00,985 INFO o.a.j.t.JMeterThread: Thread started: Thread Group 1-51
2026-02-22 12:17:00,985 INFO o.a.j.p.t.s.TCPClientImpl: Using platform default charset:UTF-8
2026-02-22 12:17:00,985 INFO o.a.j.p.t.s.TCPSampler: Using eolByte=10
2026-02-22 12:17:00,991 INFO o.a.j.t.JMeterThread: Thread is done: Thread Group 1-51
2026-02-22 12:17:00,991 INFO o.a.j.t.JMeterThread: Thread finished: Thread Group 1-51
2026-02-22 12:17:01,286 INFO o.a.j.t.JMeterThread: Thread started: Thread Group 1-52
2026-02-22 12:17:01,287 INFO o.a.j.p.t.s.TCPClientImpl: Using platform default charset:UTF-8
2026-02-22 12:17:01,287 INFO o.a.j.p.t.s.TCPSampler: Using eolByte=10
2026-02-22 12:17:01,290 INFO o.a.j.t.JMeterThread: Thread is done: Thread Group 1-52
2026-02-22 12:17:01,290 INFO o.a.j.t.JMeterThread: Thread finished: Thread Group 1-52
2026-02-22 12:17:01,576 INFO o.a.j.t.JMeterThread: Thread started: Thread Group 1-53
2026-02-22 12:17:01,577 INFO o.a.j.p.t.s.TCPClientImpl: Using platform default charset:UTF-8
2026-02-22 12:17:01,577 INFO o.a.j.p.t.s.TCPSampler: Using eolByte=10
2026-02-22 12:17:01,581 INFO o.a.j.t.JMeterThread: Thread is done: Thread Group 1-53
2026-02-22 12:17:01,581 INFO o.a.j.t.JMeterThread: Thread finished: Thread Group 1-53
2026-02-22 12:17:01,886 INFO o.a.j.t.JMeterThread: Thread started: Thread Group 1-54
2026-02-22 12:17:01,888 INFO o.a.j.p.t.s.TCPClientImpl: Using platform default charset:UTF-8
2026-02-22 12:17:01,888 INFO o.a.j.p.t.s.TCPSampler: Using eolByte=10
2026-02-22 12:17:01,891 INFO o.a.j.t.JMeterThread: Thread is done: Thread Group 1-54
2026-02-22 12:17:01,891 INFO o.a.j.t.JMeterThread: Thread finished: Thread Group 1-54
2026-02-22 12:17:02,183 INFO o.a.j.t.JMeterThread: Thread started: Thread Group 1-55
2026-02-22 12:17:02,184 INFO o.a.j.p.t.s.TCPClientImpl: Using platform default charset:UTF-8
2026-02-22 12:17:02,184 INFO o.a.j.p.t.s.TCPSampler: Using eolByte=10
2026-02-22 12:17:02,187 INFO o.a.j.t.JMeterThread: Thread is done: Thread Group 1-55
2026-02-22 12:17:02,188 INFO o.a.j.t.JMeterThread: Thread finished: Thread Group 1-55
2026-02-22 12:17:02,477 INFO o.a.j.t.JMeterThread: Thread started: Thread Group 1-56
2026-02-22 12:17:02,478 INFO o.a.j.p.t.s.TCPClientImpl: Using platform default charset:UTF-8
2026-02-22 12:17:02,478 INFO o.a.j.p.t.s.TCPSampler: Using eolByte=10
2026-02-22 12:17:02,482 INFO o.a.j.t.JMeterThread: Thread is done: Thread Group 1-56
2026-02-22 12:17:02,482 INFO o.a.j.t.JMeterThread: Thread finished: Thread Group 1-56
2026-02-22 12:17:02,782 INFO o.a.j.t.JMeterThread: Thread started: Thread Group 1-57
2026-02-22 12:17:02,783 INFO o.a.j.p.t.s.TCPClientImpl: Using platform default charset:UTF-8
2026-02-22 12:17:02,783 INFO o.a.j.p.t.s.TCPSampler: Using eolByte=10
2026-02-22 12:17:02,786 INFO o.a.j.t.JMeterThread: Thread is done: Thread Group 1-57
2026-02-22 12:17:02,787 INFO o.a.j.t.JMeterThread: Thread finished: Thread Group 1-57
2026-02-22 12:17:03,081 INFO o.a.j.t.JMeterThread: Thread started: Thread Group 1-58
2026-02-22 12:17:03,081 INFO o.a.j.p.t.s.TCPClientImpl: Using platform default charset:UTF-8
2026-02-22 12:17:03,081 INFO o.a.j.p.t.s.TCPSampler: Using eolByte=10
2026-02-22 12:17:03,087 INFO o.a.j.t.JMeterThread: Thread is done: Thread Group 1-58
2026-02-22 12:17:03,087 INFO o.a.j.t.JMeterThread: Thread finished: Thread Group 1-58
2026-02-22 12:17:03,381 INFO o.a.j.t.JMeterThread: Thread started: Thread Group 1-59
2026-02-22 12:17:03,382 INFO o.a.j.p.t.s.TCPClientImpl: Using platform default charset:UTF-8
2026-02-22 12:17:03,383 INFO o.a.j.p.t.s.TCPSampler: Using eolByte=10
2026-02-22 12:17:03,387 INFO o.a.j.t.JMeterThread: Thread is done: Thread Group 1-59
2026-02-22 12:17:03,387 INFO o.a.j.t.JMeterThread: Thread finished: Thread Group 1-59
2026-02-22 12:17:03,680 INFO o.a.j.t.JMeterThread: Thread started: Thread Group 1-60
2026-02-22 12:17:03,681 INFO o.a.j.p.t.s.TCPClientImpl: Using platform default charset:UTF-8
2026-02-22 12:17:03,681 INFO o.a.j.p.t.s.TCPSampler: Using eolByte=10
2026-02-22 12:17:03,686 INFO o.a.j.t.JMeterThread: Thread is done: Thread Group 1-60
2026-02-22 12:17:03,686 INFO o.a.j.t.JMeterThread: Thread finished: Thread Group 1-60
2026-02-22 12:17:03,980 INFO o.a.j.t.JMeterThread: Thread started: Thread Group 1-61
2026-02-22 12:17:03,981 INFO o.a.j.p.t.s.TCPClientImpl: Using platform default charset:UTF-8
2026-02-22 12:17:03,981 INFO o.a.j.p.t.s.TCPSampler: Using eolByte=10
2026-02-22 12:17:03,986 INFO o.a.j.t.JMeterThread: Thread is done: Thread Group 1-61
2026-02-22 12:17:03,986 INFO o.a.j.t.JMeterThread: Thread finished: Thread Group 1-61
2026-02-22 12:17:04,278 INFO o.a.j.t.JMeterThread: Thread started: Thread Group 1-62
2026-02-22 12:17:04,279 INFO o.a.j.p.t.s.TCPClientImpl: Using platform default charset:UTF-8
2026-02-22 12:17:04,279 INFO o.a.j.p.t.s.TCPSampler: Using eolByte=10
2026-02-22 12:17:04,283 INFO o.a.j.t.JMeterThread: Thread is done: Thread Group 1-62
2026-02-22 12:17:04,284 INFO o.a.j.t.JMeterThread: Thread finished: Thread Group 1-62
2026-02-22 12:17:04,579 INFO o.a.j.t.JMeterThread: Thread started: Thread Group 1-63
2026-02-22 12:17:04,579 INFO o.a.j.p.t.s.TCPClientImpl: Using platform default charset:UTF-8
2026-02-22 12:17:04,579 INFO o.a.j.p.t.s.TCPSampler: Using eolByte=10
2026-02-22 12:17:04,583 INFO o.a.j.t.JMeterThread: Thread is done: Thread Group 1-63
2026-02-22 12:17:04,583 INFO o.a.j.t.JMeterThread: Thread finished: Thread Group 1-63
2026-02-22 12:17:04,877 INFO o.a.j.t.JMeterThread: Thread started: Thread Group 1-64
2026-02-22 12:17:04,878 INFO o.a.j.p.t.s.TCPClientImpl: Using platform default charset:UTF-8
2026-02-22 12:17:04,879 INFO o.a.j.p.t.s.TCPSampler: Using eolByte=10
2026-02-22 12:17:04,884 INFO o.a.j.t.JMeterThread: Thread is done: Thread Group 1-64
2026-02-22 12:17:04,884 INFO o.a.j.t.JMeterThread: Thread finished: Thread Group 1-64
2026-02-22 12:17:05,177 INFO o.a.j.t.JMeterThread: Thread started: Thread Group 1-65
2026-02-22 12:17:05,178 INFO o.a.j.p.t.s.TCPClientImpl: Using platform default charset:UTF-8
2026-02-22 12:17:05,178 INFO o.a.j.p.t.s.TCPSampler: Using eolByte=10
2026-02-22 12:17:05,183 INFO o.a.j.t.JMeterThread: Thread is done: Thread Group 1-65
2026-02-22 12:17:05,183 INFO o.a.j.t.JMeterThread: Thread finished: Thread Group 1-65
2026-02-22 12:17:05,477 INFO o.a.j.t.JMeterThread: Thread started: Thread Group 1-66
2026-02-22 12:17:05,478 INFO o.a.j.p.t.s.TCPClientImpl: Using platform default charset:UTF-8
2026-02-22 12:17:05,478 INFO o.a.j.p.t.s.TCPSampler: Using eolByte=10
2026-02-22 12:17:05,482 INFO o.a.j.t.JMeterThread: Thread is done: Thread Group 1-66
2026-02-22 12:17:05,482 INFO o.a.j.t.JMeterThread: Thread finished: Thread Group 1-66
2026-02-22 12:17:05,775 INFO o.a.j.t.JMeterThread: Thread started: Thread Group 1-67
2026-02-22 12:17:05,776 INFO o.a.j.p.t.s.TCPClientImpl: Using platform default charset:UTF-8
2026-02-22 12:17:05,776 INFO o.a.j.p.t.s.TCPSampler: Using eolByte=10
2026-02-22 12:17:05,781 INFO o.a.j.t.JMeterThread: Thread is done: Thread Group 1-67
2026-02-22 12:17:05,782 INFO o.a.j.t.JMeterThread: Thread finished: Thread Group 1-67
2026-02-22 12:17:06,076 INFO o.a.j.t.JMeterThread: Thread started: Thread Group 1-68
2026-02-22 12:17:06,077 INFO o.a.j.p.t.s.TCPClientImpl: Using platform default charset:UTF-8
2026-02-22 12:17:06,077 INFO o.a.j.p.t.s.TCPSampler: Using eolByte=10
2026-02-22 12:17:06,082 INFO o.a.j.t.JMeterThread: Thread is done: Thread Group 1-68
2026-02-22 12:17:06,083 INFO o.a.j.t.JMeterThread: Thread finished: Thread Group 1-68
2026-02-22 12:17:06,377 INFO o.a.j.t.JMeterThread: Thread started: Thread Group 1-69
2026-02-22 12:17:06,378 INFO o.a.j.p.t.s.TCPClientImpl: Using platform default charset:UTF-8
2026-02-22 12:17:06,378 INFO o.a.j.p.t.s.TCPSampler: Using eolByte=10
2026-02-22 12:17:06,382 INFO o.a.j.t.JMeterThread: Thread is done: Thread Group 1-69
2026-02-22 12:17:06,382 INFO o.a.j.t.JMeterThread: Thread finished: Thread Group 1-69
2026-02-22 12:17:06,676 INFO o.a.j.t.JMeterThread: Thread started: Thread Group 1-70
2026-02-22 12:17:06,676 INFO o.a.j.p.t.s.TCPClientImpl: Using platform default charset:UTF-8
2026-02-22 12:17:06,676 INFO o.a.j.p.t.s.TCPSampler: Using eolByte=10
2026-02-22 12:17:06,678 INFO o.a.j.t.JMeterThread: Thread is done: Thread Group 1-70
2026-02-22 12:17:06,679 INFO o.a.j.t.JMeterThread: Thread finished: Thread Group 1-70
2026-02-22 12:17:06,977 INFO o.a.j.t.JMeterThread: Thread started: Thread Group 1-71
2026-02-22 12:17:06,977 INFO o.a.j.p.t.s.TCPClientImpl: Using platform default charset:UTF-8
2026-02-22 12:17:06,977 INFO o.a.j.p.t.s.TCPSampler: Using eolByte=10
2026-02-22 12:17:06,982 INFO o.a.j.t.JMeterThread: Thread is done: Thread Group 1-71
2026-02-22 12:17:06,982 INFO o.a.j.t.JMeterThread: Thread finished: Thread Group 1-71
2026-02-22 12:17:07,275 INFO o.a.j.t.JMeterThread: Thread started: Thread Group 1-72
2026-02-22 12:17:07,276 INFO o.a.j.p.t.s.TCPClientImpl: Using platform default charset:UTF-8
2026-02-22 12:17:07,276 INFO o.a.j.p.t.s.TCPSampler: Using eolByte=10
2026-02-22 12:17:07,280 INFO o.a.j.t.JMeterThread: Thread is done: Thread Group 1-72
2026-02-22 12:17:07,280 INFO o.a.j.t.JMeterThread: Thread finished: Thread Group 1-72
2026-02-22 12:17:07,576 INFO o.a.j.t.JMeterThread: Thread started: Thread Group 1-73
2026-02-22 12:17:07,577 INFO o.a.j.p.t.s.TCPClientImpl: Using platform default charset:UTF-8
2026-02-22 12:17:07,577 INFO o.a.j.p.t.s.TCPSampler: Using eolByte=10
2026-02-22 12:17:07,582 INFO o.a.j.t.JMeterThread: Thread is done: Thread Group 1-73
2026-02-22 12:17:07,582 INFO o.a.j.t.JMeterThread: Thread finished: Thread Group 1-73
2026-02-22 12:17:07,876 INFO o.a.j.t.JMeterThread: Thread started: Thread Group 1-74
2026-02-22 12:17:07,876 INFO o.a.j.p.t.s.TCPClientImpl: Using platform default charset:UTF-8
2026-02-22 12:17:07,877 INFO o.a.j.p.t.s.TCPSampler: Using eolByte=10
2026-02-22 12:17:07,880 INFO o.a.j.t.JMeterThread: Thread is done: Thread Group 1-74
2026-02-22 12:17:07,880 INFO o.a.j.t.JMeterThread: Thread finished: Thread Group 1-74
2026-02-22 12:17:08,174 INFO o.a.j.t.JMeterThread: Thread started: Thread Group 1-75
2026-02-22 12:17:08,175 INFO o.a.j.p.t.s.TCPClientImpl: Using platform default charset:UTF-8
2026-02-22 12:17:08,175 INFO o.a.j.p.t.s.TCPSampler: Using eolByte=10
2026-02-22 12:17:08,179 INFO o.a.j.t.JMeterThread: Thread is done: Thread Group 1-75
2026-02-22 12:17:08,180 INFO o.a.j.t.JMeterThread: Thread finished: Thread Group 1-75
2026-02-22 12:17:08,476 INFO o.a.j.t.JMeterThread: Thread started: Thread Group 1-76
2026-02-22 12:17:08,476 INFO o.a.j.p.t.s.TCPClientImpl: Using platform default charset:UTF-8
2026-02-22 12:17:08,477 INFO o.a.j.p.t.s.TCPSampler: Using eolByte=10
2026-02-22 12:17:08,480 INFO o.a.j.t.JMeterThread: Thread is done: Thread Group 1-76
2026-02-22 12:17:08,480 INFO o.a.j.t.JMeterThread: Thread finished: Thread Group 1-76
2026-02-22 12:17:08,776 INFO o.a.j.t.JMeterThread: Thread started: Thread Group 1-77
2026-02-22 12:17:08,777 INFO o.a.j.p.t.s.TCPClientImpl: Using platform default charset:UTF-8
2026-02-22 12:17:08,777 INFO o.a.j.p.t.s.TCPSampler: Using eolByte=10
2026-02-22 12:17:08,780 INFO o.a.j.t.JMeterThread: Thread is done: Thread Group 1-77
2026-02-22 12:17:08,780 INFO o.a.j.t.JMeterThread: Thread finished: Thread Group 1-77
2026-02-22 12:17:09,075 INFO o.a.j.t.JMeterThread: Thread started: Thread Group 1-78
2026-02-22 12:17:09,076 INFO o.a.j.p.t.s.TCPClientImpl: Using platform default charset:UTF-8
2026-02-22 12:17:09,076 INFO o.a.j.p.t.s.TCPSampler: Using eolByte=10
2026-02-22 12:17:09,082 INFO o.a.j.t.JMeterThread: Thread is done: Thread Group 1-78
2026-02-22 12:17:09,083 INFO o.a.j.t.JMeterThread: Thread finished: Thread Group 1-78
2026-02-22 12:17:09,375 INFO o.a.j.t.JMeterThread: Thread started: Thread Group 1-79
2026-02-22 12:17:09,376 INFO o.a.j.p.t.s.TCPClientImpl: Using platform default charset:UTF-8
2026-02-22 12:17:09,376 INFO o.a.j.p.t.s.TCPSampler: Using eolByte=10
2026-02-22 12:17:09,380 INFO o.a.j.t.JMeterThread: Thread is done: Thread Group 1-79
2026-02-22 12:17:09,380 INFO o.a.j.t.JMeterThread: Thread finished: Thread Group 1-79
2026-02-22 12:17:09,676 INFO o.a.j.t.JMeterThread: Thread started: Thread Group 1-80
2026-02-22 12:17:09,676 INFO o.a.j.p.t.s.TCPClientImpl: Using platform default charset:UTF-8
2026-02-22 12:17:09,676 INFO o.a.j.p.t.s.TCPSampler: Using eolByte=10
2026-02-22 12:17:09,681 INFO o.a.j.t.JMeterThread: Thread is done: Thread Group 1-80
2026-02-22 12:17:09,681 INFO o.a.j.t.JMeterThread: Thread finished: Thread Group 1-80
2026-02-22 12:17:09,976 INFO o.a.j.t.JMeterThread: Thread started: Thread Group 1-81
2026-02-22 12:17:09,977 INFO o.a.j.p.t.s.TCPClientImpl: Using platform default charset:UTF-8
2026-02-22 12:17:09,977 INFO o.a.j.p.t.s.TCPSampler: Using eolByte=10
2026-02-22 12:17:09,981 INFO o.a.j.t.JMeterThread: Thread is done: Thread Group 1-81
2026-02-22 12:17:09,982 INFO o.a.j.t.JMeterThread: Thread finished: Thread Group 1-81
2026-02-22 12:17:10,277 INFO o.a.j.t.JMeterThread: Thread started: Thread Group 1-82
2026-02-22 12:17:10,279 INFO o.a.j.p.t.s.TCPClientImpl: Using platform default charset:UTF-8
2026-02-22 12:17:10,279 INFO o.a.j.p.t.s.TCPSampler: Using eolByte=10
2026-02-22 12:17:10,284 INFO o.a.j.t.JMeterThread: Thread is done: Thread Group 1-82
2026-02-22 12:17:10,284 INFO o.a.j.t.JMeterThread: Thread finished: Thread Group 1-82
2026-02-22 12:17:10,576 INFO o.a.j.t.JMeterThread: Thread started: Thread Group 1-83
2026-02-22 12:17:10,577 INFO o.a.j.p.t.s.TCPClientImpl: Using platform default charset:UTF-8
2026-02-22 12:17:10,577 INFO o.a.j.p.t.s.TCPSampler: Using eolByte=10
2026-02-22 12:17:10,581 INFO o.a.j.t.JMeterThread: Thread is done: Thread Group 1-83
2026-02-22 12:17:10,581 INFO o.a.j.t.JMeterThread: Thread finished: Thread Group 1-83
2026-02-22 12:17:10,878 INFO o.a.j.t.JMeterThread: Thread started: Thread Group 1-84
2026-02-22 12:17:10,879 INFO o.a.j.p.t.s.TCPClientImpl: Using platform default charset:UTF-8
2026-02-22 12:17:10,879 INFO o.a.j.p.t.s.TCPSampler: Using eolByte=10
2026-02-22 12:17:10,882 INFO o.a.j.t.JMeterThread: Thread is done: Thread Group 1-84
2026-02-22 12:17:10,884 INFO o.a.j.t.JMeterThread: Thread finished: Thread Group 1-84
2026-02-22 12:17:11,178 INFO o.a.j.t.JMeterThread: Thread started: Thread Group 1-85
2026-02-22 12:17:11,179 INFO o.a.j.p.t.s.TCPClientImpl: Using platform default charset:UTF-8
2026-02-22 12:17:11,179 INFO o.a.j.p.t.s.TCPSampler: Using eolByte=10
2026-02-22 12:17:11,182 INFO o.a.j.t.JMeterThread: Thread is done: Thread Group 1-85
2026-02-22 12:17:11,184 INFO o.a.j.t.JMeterThread: Thread finished: Thread Group 1-85
2026-02-22 12:17:11,479 INFO o.a.j.t.JMeterThread: Thread started: Thread Group 1-86
2026-02-22 12:17:11,480 INFO o.a.j.p.t.s.TCPClientImpl: Using platform default charset:UTF-8
2026-02-22 12:17:11,480 INFO o.a.j.p.t.s.TCPSampler: Using eolByte=10
2026-02-22 12:17:11,494 INFO o.a.j.t.JMeterThread: Thread is done: Thread Group 1-86
2026-02-22 12:17:11,494 INFO o.a.j.t.JMeterThread: Thread finished: Thread Group 1-86
2026-02-22 12:17:11,777 INFO o.a.j.t.JMeterThread: Thread started: Thread Group 1-87
2026-02-22 12:17:11,778 INFO o.a.j.p.t.s.TCPClientImpl: Using platform default charset:UTF-8
2026-02-22 12:17:11,778 INFO o.a.j.p.t.s.TCPSampler: Using eolByte=10
2026-02-22 12:17:11,781 INFO o.a.j.t.JMeterThread: Thread is done: Thread Group 1-87
2026-02-22 12:17:11,781 INFO o.a.j.t.JMeterThread: Thread finished: Thread Group 1-87
2026-02-22 12:17:12,079 INFO o.a.j.t.JMeterThread: Thread started: Thread Group 1-88
2026-02-22 12:17:12,080 INFO o.a.j.p.t.s.TCPClientImpl: Using platform default charset:UTF-8
2026-02-22 12:17:12,080 INFO o.a.j.p.t.s.TCPSampler: Using eolByte=10
2026-02-22 12:17:12,083 INFO o.a.j.t.JMeterThread: Thread is done: Thread Group 1-88
2026-02-22 12:17:12,083 INFO o.a.j.t.JMeterThread: Thread finished: Thread Group 1-88
2026-02-22 12:17:12,377 INFO o.a.j.t.JMeterThread: Thread started: Thread Group 1-89
2026-02-22 12:17:12,378 INFO o.a.j.p.t.s.TCPClientImpl: Using platform default charset:UTF-8
2026-02-22 12:17:12,378 INFO o.a.j.p.t.s.TCPSampler: Using eolByte=10
2026-02-22 12:17:12,383 INFO o.a.j.t.JMeterThread: Thread is done: Thread Group 1-89
2026-02-22 12:17:12,384 INFO o.a.j.t.JMeterThread: Thread finished: Thread Group 1-89
2026-02-22 12:17:12,676 INFO o.a.j.t.JMeterThread: Thread started: Thread Group 1-90
2026-02-22 12:17:12,677 INFO o.a.j.p.t.s.TCPClientImpl: Using platform default charset:UTF-8
2026-02-22 12:17:12,677 INFO o.a.j.p.t.s.TCPSampler: Using eolByte=10
2026-02-22 12:17:12,684 INFO o.a.j.t.JMeterThread: Thread is done: Thread Group 1-90
2026-02-22 12:17:12,684 INFO o.a.j.t.JMeterThread: Thread finished: Thread Group 1-90
2026-02-22 12:17:12,977 INFO o.a.j.t.JMeterThread: Thread started: Thread Group 1-91
2026-02-22 12:17:12,977 INFO o.a.j.p.t.s.TCPClientImpl: Using platform default charset:UTF-8
2026-02-22 12:17:12,977 INFO o.a.j.p.t.s.TCPSampler: Using eolByte=10
2026-02-22 12:17:12,981 INFO o.a.j.t.JMeterThread: Thread is done: Thread Group 1-91
2026-02-22 12:17:12,981 INFO o.a.j.t.JMeterThread: Thread finished: Thread Group 1-91
2026-02-22 12:17:13,276 INFO o.a.j.t.JMeterThread: Thread started: Thread Group 1-92
2026-02-22 12:17:13,277 INFO o.a.j.p.t.s.TCPClientImpl: Using platform default charset:UTF-8
2026-02-22 12:17:13,277 INFO o.a.j.p.t.s.TCPSampler: Using eolByte=10
2026-02-22 12:17:13,284 INFO o.a.j.t.JMeterThread: Thread is done: Thread Group 1-92
2026-02-22 12:17:13,284 INFO o.a.j.t.JMeterThread: Thread finished: Thread Group 1-92
2026-02-22 12:17:13,575 INFO o.a.j.t.JMeterThread: Thread started: Thread Group 1-93
2026-02-22 12:17:13,576 INFO o.a.j.p.t.s.TCPClientImpl: Using platform default charset:UTF-8
2026-02-22 12:17:13,576 INFO o.a.j.p.t.s.TCPSampler: Using eolByte=10
2026-02-22 12:17:13,579 INFO o.a.j.t.JMeterThread: Thread is done: Thread Group 1-93
2026-02-22 12:17:13,579 INFO o.a.j.t.JMeterThread: Thread finished: Thread Group 1-93
2026-02-22 12:17:13,876 INFO o.a.j.t.JMeterThread: Thread started: Thread Group 1-94
2026-02-22 12:17:13,877 INFO o.a.j.p.t.s.TCPClientImpl: Using platform default charset:UTF-8
2026-02-22 12:17:13,877 INFO o.a.j.p.t.s.TCPSampler: Using eolByte=10
2026-02-22 12:17:13,880 INFO o.a.j.t.JMeterThread: Thread is done: Thread Group 1-94
2026-02-22 12:17:13,880 INFO o.a.j.t.JMeterThread: Thread finished: Thread Group 1-94
2026-02-22 12:17:14,176 INFO o.a.j.t.JMeterThread: Thread started: Thread Group 1-95
2026-02-22 12:17:14,177 INFO o.a.j.p.t.s.TCPClientImpl: Using platform default charset:UTF-8
2026-02-22 12:17:14,177 INFO o.a.j.p.t.s.TCPSampler: Using eolByte=10
2026-02-22 12:17:14,182 INFO o.a.j.t.JMeterThread: Thread is done: Thread Group 1-95
2026-02-22 12:17:14,182 INFO o.a.j.t.JMeterThread: Thread finished: Thread Group 1-95
2026-02-22 12:17:14,475 INFO o.a.j.t.JMeterThread: Thread started: Thread Group 1-96
2026-02-22 12:17:14,476 INFO o.a.j.p.t.s.TCPClientImpl: Using platform default charset:UTF-8
2026-02-22 12:17:14,476 INFO o.a.j.p.t.s.TCPSampler: Using eolByte=10
2026-02-22 12:17:14,485 INFO o.a.j.t.JMeterThread: Thread is done: Thread Group 1-96
2026-02-22 12:17:14,486 INFO o.a.j.t.JMeterThread: Thread finished: Thread Group 1-96
2026-02-22 12:17:14,776 INFO o.a.j.t.JMeterThread: Thread started: Thread Group 1-97
2026-02-22 12:17:14,780 INFO o.a.j.p.t.s.TCPClientImpl: Using platform default charset:UTF-8
2026-02-22 12:17:14,780 INFO o.a.j.p.t.s.TCPSampler: Using eolByte=10
2026-02-22 12:17:14,784 INFO o.a.j.t.JMeterThread: Thread is done: Thread Group 1-97
2026-02-22 12:17:14,784 INFO o.a.j.t.JMeterThread: Thread finished: Thread Group 1-97
2026-02-22 12:17:15,077 INFO o.a.j.t.JMeterThread: Thread started: Thread Group 1-98
2026-02-22 12:17:15,078 INFO o.a.j.p.t.s.TCPClientImpl: Using platform default charset:UTF-8
2026-02-22 12:17:15,078 INFO o.a.j.p.t.s.TCPSampler: Using eolByte=10
2026-02-22 12:17:15,081 INFO o.a.j.t.JMeterThread: Thread is done: Thread Group 1-98
2026-02-22 12:17:15,081 INFO o.a.j.t.JMeterThread: Thread finished: Thread Group 1-98
2026-02-22 12:17:15,376 INFO o.a.j.t.JMeterThread: Thread started: Thread Group 1-99
2026-02-22 12:17:15,377 INFO o.a.j.p.t.s.TCPClientImpl: Using platform default charset:UTF-8
2026-02-22 12:17:15,377 INFO o.a.j.p.t.s.TCPSampler: Using eolByte=10
2026-02-22 12:17:15,380 INFO o.a.j.t.JMeterThread: Thread is done: Thread Group 1-99
2026-02-22 12:17:15,380 INFO o.a.j.t.JMeterThread: Thread finished: Thread Group 1-99
2026-02-22 12:17:15,675 INFO o.a.j.t.JMeterThread: Thread started: Thread Group 1-100
2026-02-22 12:17:15,676 INFO o.a.j.p.t.s.TCPClientImpl: Using platform default charset:UTF-8
2026-02-22 12:17:15,676 INFO o.a.j.p.t.s.TCPSampler: Using eolByte=10
2026-02-22 12:17:15,681 INFO o.a.j.t.JMeterThread: Thread is done: Thread Group 1-100
2026-02-22 12:17:15,681 INFO o.a.j.t.JMeterThread: Thread finished: Thread Group 1-100
2026-02-22 12:17:15,976 INFO o.a.j.t.JMeterThread: Thread started: Thread Group 1-101
2026-02-22 12:17:15,977 INFO o.a.j.p.t.s.TCPClientImpl: Using platform default charset:UTF-8
2026-02-22 12:17:15,977 INFO o.a.j.p.t.s.TCPSampler: Using eolByte=10
2026-02-22 12:17:15,981 INFO o.a.j.t.JMeterThread: Thread is done: Thread Group 1-101
2026-02-22 12:17:15,982 INFO o.a.j.t.JMeterThread: Thread finished: Thread Group 1-101
2026-02-22 12:17:16,278 INFO o.a.j.t.JMeterThread: Thread started: Thread Group 1-102
2026-02-22 12:17:16,279 INFO o.a.j.p.t.s.TCPClientImpl: Using platform default charset:UTF-8
2026-02-22 12:17:16,279 INFO o.a.j.p.t.s.TCPSampler: Using eolByte=10
2026-02-22 12:17:16,285 INFO o.a.j.t.JMeterThread: Thread is done: Thread Group 1-102
2026-02-22 12:17:16,285 INFO o.a.j.t.JMeterThread: Thread finished: Thread Group 1-102
2026-02-22 12:17:16,576 INFO o.a.j.t.JMeterThread: Thread started: Thread Group 1-103
2026-02-22 12:17:16,577 INFO o.a.j.p.t.s.TCPClientImpl: Using platform default charset:UTF-8
2026-02-22 12:17:16,577 INFO o.a.j.p.t.s.TCPSampler: Using eolByte=10
2026-02-22 12:17:16,581 INFO o.a.j.t.JMeterThread: Thread is done: Thread Group 1-103
2026-02-22 12:17:16,581 INFO o.a.j.t.JMeterThread: Thread finished: Thread Group 1-103
2026-02-22 12:17:16,879 INFO o.a.j.t.JMeterThread: Thread started: Thread Group 1-104
2026-02-22 12:17:16,880 INFO o.a.j.p.t.s.TCPClientImpl: Using platform default charset:UTF-8
2026-02-22 12:17:16,880 INFO o.a.j.p.t.s.TCPSampler: Using eolByte=10
2026-02-22 12:17:16,884 INFO o.a.j.t.JMeterThread: Thread is done: Thread Group 1-104
2026-02-22 12:17:16,884 INFO o.a.j.t.JMeterThread: Thread finished: Thread Group 1-104
2026-02-22 12:17:17,176 INFO o.a.j.t.JMeterThread: Thread started: Thread Group 1-105
2026-02-22 12:17:17,177 INFO o.a.j.p.t.s.TCPClientImpl: Using platform default charset:UTF-8
2026-02-22 12:17:17,177 INFO o.a.j.p.t.s.TCPSampler: Using eolByte=10
2026-02-22 12:17:17,180 INFO o.a.j.t.JMeterThread: Thread is done: Thread Group 1-105
2026-02-22 12:17:17,180 INFO o.a.j.t.JMeterThread: Thread finished: Thread Group 1-105
2026-02-22 12:17:17,475 INFO o.a.j.t.JMeterThread: Thread started: Thread Group 1-106
2026-02-22 12:17:17,475 INFO o.a.j.p.t.s.TCPClientImpl: Using platform default charset:UTF-8
2026-02-22 12:17:17,476 INFO o.a.j.p.t.s.TCPSampler: Using eolByte=10
2026-02-22 12:17:17,479 INFO o.a.j.t.JMeterThread: Thread is done: Thread Group 1-106
2026-02-22 12:17:17,479 INFO o.a.j.t.JMeterThread: Thread finished: Thread Group 1-106
2026-02-22 12:17:17,776 INFO o.a.j.t.JMeterThread: Thread started: Thread Group 1-107
2026-02-22 12:17:17,777 INFO o.a.j.p.t.s.TCPClientImpl: Using platform default charset:UTF-8
2026-02-22 12:17:17,777 INFO o.a.j.p.t.s.TCPSampler: Using eolByte=10
2026-02-22 12:17:17,779 INFO o.a.j.t.JMeterThread: Thread is done: Thread Group 1-107
2026-02-22 12:17:17,779 INFO o.a.j.t.JMeterThread: Thread finished: Thread Group 1-107
2026-02-22 12:17:18,077 INFO o.a.j.t.JMeterThread: Thread started: Thread Group 1-108
2026-02-22 12:17:18,078 INFO o.a.j.p.t.s.TCPClientImpl: Using platform default charset:UTF-8
2026-02-22 12:17:18,078 INFO o.a.j.p.t.s.TCPSampler: Using eolByte=10
2026-02-22 12:17:18,083 INFO o.a.j.t.JMeterThread: Thread is done: Thread Group 1-108
2026-02-22 12:17:18,083 INFO o.a.j.t.JMeterThread: Thread finished: Thread Group 1-108
2026-02-22 12:17:18,376 INFO o.a.j.t.JMeterThread: Thread started: Thread Group 1-109
2026-02-22 12:17:18,377 INFO o.a.j.p.t.s.TCPClientImpl: Using platform default charset:UTF-8
2026-02-22 12:17:18,377 INFO o.a.j.p.t.s.TCPSampler: Using eolByte=10
2026-02-22 12:17:18,380 INFO o.a.j.t.JMeterThread: Thread is done: Thread Group 1-109
2026-02-22 12:17:18,380 INFO o.a.j.t.JMeterThread: Thread finished: Thread Group 1-109
2026-02-22 12:17:18,675 INFO o.a.j.t.JMeterThread: Thread started: Thread Group 1-110
2026-02-22 12:17:18,675 INFO o.a.j.p.t.s.TCPClientImpl: Using platform default charset:UTF-8
2026-02-22 12:17:18,676 INFO o.a.j.p.t.s.TCPSampler: Using eolByte=10
2026-02-22 12:17:18,681 INFO o.a.j.t.JMeterThread: Thread is done: Thread Group 1-110
2026-02-22 12:17:18,681 INFO o.a.j.t.JMeterThread: Thread finished: Thread Group 1-110
2026-02-22 12:17:18,976 INFO o.a.j.t.JMeterThread: Thread started: Thread Group 1-111
2026-02-22 12:17:18,977 INFO o.a.j.p.t.s.TCPClientImpl: Using platform default charset:UTF-8
2026-02-22 12:17:18,977 INFO o.a.j.p.t.s.TCPSampler: Using eolByte=10
2026-02-22 12:17:18,982 INFO o.a.j.t.JMeterThread: Thread is done: Thread Group 1-111
2026-02-22 12:17:18,983 INFO o.a.j.t.JMeterThread: Thread finished: Thread Group 1-111
2026-02-22 12:17:19,276 INFO o.a.j.t.JMeterThread: Thread started: Thread Group 1-112
2026-02-22 12:17:19,277 INFO o.a.j.p.t.s.TCPClientImpl: Using platform default charset:UTF-8
2026-02-22 12:17:19,277 INFO o.a.j.p.t.s.TCPSampler: Using eolByte=10
2026-02-22 12:17:19,284 INFO o.a.j.t.JMeterThread: Thread is done: Thread Group 1-112
2026-02-22 12:17:19,284 INFO o.a.j.t.JMeterThread: Thread finished: Thread Group 1-112
2026-02-22 12:17:19,575 INFO o.a.j.t.JMeterThread: Thread started: Thread Group 1-113
2026-02-22 12:17:19,576 INFO o.a.j.p.t.s.TCPClientImpl: Using platform default charset:UTF-8
2026-02-22 12:17:19,576 INFO o.a.j.p.t.s.TCPSampler: Using eolByte=10
2026-02-22 12:17:19,579 INFO o.a.j.t.JMeterThread: Thread is done: Thread Group 1-113
2026-02-22 12:17:19,580 INFO o.a.j.t.JMeterThread: Thread finished: Thread Group 1-113
2026-02-22 12:17:19,876 INFO o.a.j.t.JMeterThread: Thread started: Thread Group 1-114
2026-02-22 12:17:19,877 INFO o.a.j.p.t.s.TCPClientImpl: Using platform default charset:UTF-8
2026-02-22 12:17:19,877 INFO o.a.j.p.t.s.TCPSampler: Using eolByte=10
2026-02-22 12:17:19,881 INFO o.a.j.t.JMeterThread: Thread is done: Thread Group 1-114
2026-02-22 12:17:19,881 INFO o.a.j.t.JMeterThread: Thread finished: Thread Group 1-114
2026-02-22 12:17:20,177 INFO o.a.j.t.JMeterThread: Thread started: Thread Group 1-115
2026-02-22 12:17:20,178 INFO o.a.j.p.t.s.TCPClientImpl: Using platform default charset:UTF-8
2026-02-22 12:17:20,178 INFO o.a.j.p.t.s.TCPSampler: Using eolByte=10
2026-02-22 12:17:20,182 INFO o.a.j.t.JMeterThread: Thread is done: Thread Group 1-115
2026-02-22 12:17:20,183 INFO o.a.j.t.JMeterThread: Thread finished: Thread Group 1-115
2026-02-22 12:17:20,476 INFO o.a.j.t.JMeterThread: Thread started: Thread Group 1-116
2026-02-22 12:17:20,476 INFO o.a.j.p.t.s.TCPClientImpl: Using platform default charset:UTF-8
2026-02-22 12:17:20,476 INFO o.a.j.p.t.s.TCPSampler: Using eolByte=10
2026-02-22 12:17:20,485 INFO o.a.j.t.JMeterThread: Thread is done: Thread Group 1-116
2026-02-22 12:17:20,485 INFO o.a.j.t.JMeterThread: Thread finished: Thread Group 1-116
2026-02-22 12:17:20,776 INFO o.a.j.t.JMeterThread: Thread started: Thread Group 1-117
2026-02-22 12:17:20,776 INFO o.a.j.p.t.s.TCPClientImpl: Using platform default charset:UTF-8
2026-02-22 12:17:20,776 INFO o.a.j.p.t.s.TCPSampler: Using eolByte=10
2026-02-22 12:17:20,781 INFO o.a.j.t.JMeterThread: Thread is done: Thread Group 1-117
2026-02-22 12:17:20,781 INFO o.a.j.t.JMeterThread: Thread finished: Thread Group 1-117
2026-02-22 12:17:21,075 INFO o.a.j.t.JMeterThread: Thread started: Thread Group 1-118
2026-02-22 12:17:21,077 INFO o.a.j.p.t.s.TCPClientImpl: Using platform default charset:UTF-8
2026-02-22 12:17:21,077 INFO o.a.j.p.t.s.TCPSampler: Using eolByte=10
2026-02-22 12:17:21,080 INFO o.a.j.t.JMeterThread: Thread is done: Thread Group 1-118
2026-02-22 12:17:21,080 INFO o.a.j.t.JMeterThread: Thread finished: Thread Group 1-118
2026-02-22 12:17:21,375 INFO o.a.j.t.JMeterThread: Thread started: Thread Group 1-119
2026-02-22 12:17:21,375 INFO o.a.j.p.t.s.TCPClientImpl: Using platform default charset:UTF-8
2026-02-22 12:17:21,375 INFO o.a.j.p.t.s.TCPSampler: Using eolByte=10
2026-02-22 12:17:21,380 INFO o.a.j.t.JMeterThread: Thread is done: Thread Group 1-119
2026-02-22 12:17:21,380 INFO o.a.j.t.JMeterThread: Thread finished: Thread Group 1-119
2026-02-22 12:17:21,675 INFO o.a.j.t.JMeterThread: Thread started: Thread Group 1-120
2026-02-22 12:17:21,676 INFO o.a.j.p.t.s.TCPClientImpl: Using platform default charset:UTF-8
2026-02-22 12:17:21,676 INFO o.a.j.p.t.s.TCPSampler: Using eolByte=10
2026-02-22 12:17:21,679 INFO o.a.j.t.JMeterThread: Thread is done: Thread Group 1-120
2026-02-22 12:17:21,680 INFO o.a.j.t.JMeterThread: Thread finished: Thread Group 1-120
2026-02-22 12:17:21,975 INFO o.a.j.t.JMeterThread: Thread started: Thread Group 1-121
2026-02-22 12:17:21,975 INFO o.a.j.p.t.s.TCPClientImpl: Using platform default charset:UTF-8
2026-02-22 12:17:21,975 INFO o.a.j.p.t.s.TCPSampler: Using eolByte=10
2026-02-22 12:17:21,981 INFO o.a.j.t.JMeterThread: Thread is done: Thread Group 1-121
2026-02-22 12:17:21,981 INFO o.a.j.t.JMeterThread: Thread finished: Thread Group 1-121
2026-02-22 12:17:22,276 INFO o.a.j.t.JMeterThread: Thread started: Thread Group 1-122
2026-02-22 12:17:22,277 INFO o.a.j.p.t.s.TCPClientImpl: Using platform default charset:UTF-8
2026-02-22 12:17:22,277 INFO o.a.j.p.t.s.TCPSampler: Using eolByte=10
2026-02-22 12:17:22,289 INFO o.a.j.t.JMeterThread: Thread is done: Thread Group 1-122
2026-02-22 12:17:22,289 INFO o.a.j.t.JMeterThread: Thread finished: Thread Group 1-122
2026-02-22 12:17:22,576 INFO o.a.j.t.JMeterThread: Thread started: Thread Group 1-123
2026-02-22 12:17:22,577 INFO o.a.j.p.t.s.TCPClientImpl: Using platform default charset:UTF-8
2026-02-22 12:17:22,577 INFO o.a.j.p.t.s.TCPSampler: Using eolByte=10
2026-02-22 12:17:22,583 INFO o.a.j.t.JMeterThread: Thread is done: Thread Group 1-123
2026-02-22 12:17:22,583 INFO o.a.j.t.JMeterThread: Thread finished: Thread Group 1-123
2026-02-22 12:17:22,875 INFO o.a.j.t.JMeterThread: Thread started: Thread Group 1-124
2026-02-22 12:17:22,877 INFO o.a.j.p.t.s.TCPClientImpl: Using platform default charset:UTF-8
2026-02-22 12:17:22,877 INFO o.a.j.p.t.s.TCPSampler: Using eolByte=10
2026-02-22 12:17:22,886 INFO o.a.j.t.JMeterThread: Thread is done: Thread Group 1-124
2026-02-22 12:17:22,886 INFO o.a.j.t.JMeterThread: Thread finished: Thread Group 1-124
2026-02-22 12:17:23,177 INFO o.a.j.t.JMeterThread: Thread started: Thread Group 1-125
2026-02-22 12:17:23,179 INFO o.a.j.p.t.s.TCPClientImpl: Using platform default charset:UTF-8
2026-02-22 12:17:23,179 INFO o.a.j.p.t.s.TCPSampler: Using eolByte=10
2026-02-22 12:17:23,186 INFO o.a.j.t.JMeterThread: Thread is done: Thread Group 1-125
2026-02-22 12:17:23,187 INFO o.a.j.t.JMeterThread: Thread finished: Thread Group 1-125
2026-02-22 12:17:23,477 INFO o.a.j.t.JMeterThread: Thread started: Thread Group 1-126
2026-02-22 12:17:23,478 INFO o.a.j.p.t.s.TCPClientImpl: Using platform default charset:UTF-8
2026-02-22 12:17:23,478 INFO o.a.j.p.t.s.TCPSampler: Using eolByte=10
2026-02-22 12:17:23,482 INFO o.a.j.t.JMeterThread: Thread is done: Thread Group 1-126
2026-02-22 12:17:23,483 INFO o.a.j.t.JMeterThread: Thread finished: Thread Group 1-126
2026-02-22 12:17:23,776 INFO o.a.j.t.JMeterThread: Thread started: Thread Group 1-127
2026-02-22 12:17:23,777 INFO o.a.j.p.t.s.TCPClientImpl: Using platform default charset:UTF-8
2026-02-22 12:17:23,777 INFO o.a.j.p.t.s.TCPSampler: Using eolByte=10
2026-02-22 12:17:23,787 INFO o.a.j.t.JMeterThread: Thread is done: Thread Group 1-127
2026-02-22 12:17:23,788 INFO o.a.j.t.JMeterThread: Thread finished: Thread Group 1-127
2026-02-22 12:17:24,078 INFO o.a.j.t.JMeterThread: Thread started: Thread Group 1-128
2026-02-22 12:17:24,080 INFO o.a.j.p.t.s.TCPClientImpl: Using platform default charset:UTF-8
2026-02-22 12:17:24,080 INFO o.a.j.p.t.s.TCPSampler: Using eolByte=10
2026-02-22 12:17:24,088 INFO o.a.j.t.JMeterThread: Thread is done: Thread Group 1-128
2026-02-22 12:17:24,088 INFO o.a.j.t.JMeterThread: Thread finished: Thread Group 1-128
2026-02-22 12:17:24,377 INFO o.a.j.t.JMeterThread: Thread started: Thread Group 1-129
2026-02-22 12:17:24,381 INFO o.a.j.p.t.s.TCPClientImpl: Using platform default charset:UTF-8
2026-02-22 12:17:24,382 INFO o.a.j.p.t.s.TCPSampler: Using eolByte=10
2026-02-22 12:17:24,388 INFO o.a.j.t.JMeterThread: Thread is done: Thread Group 1-129
2026-02-22 12:17:24,388 INFO o.a.j.t.JMeterThread: Thread finished: Thread Group 1-129
2026-02-22 12:17:24,677 INFO o.a.j.t.JMeterThread: Thread started: Thread Group 1-130
2026-02-22 12:17:24,677 INFO o.a.j.p.t.s.TCPClientImpl: Using platform default charset:UTF-8
2026-02-22 12:17:24,678 INFO o.a.j.p.t.s.TCPSampler: Using eolByte=10
2026-02-22 12:17:24,682 INFO o.a.j.t.JMeterThread: Thread is done: Thread Group 1-130
2026-02-22 12:17:24,682 INFO o.a.j.t.JMeterThread: Thread finished: Thread Group 1-130
2026-02-22 12:17:24,977 INFO o.a.j.t.JMeterThread: Thread started: Thread Group 1-131
2026-02-22 12:17:24,978 INFO o.a.j.p.t.s.TCPClientImpl: Using platform default charset:UTF-8
2026-02-22 12:17:24,978 INFO o.a.j.p.t.s.TCPSampler: Using eolByte=10
2026-02-22 12:17:24,982 INFO o.a.j.t.JMeterThread: Thread is done: Thread Group 1-131
2026-02-22 12:17:24,982 INFO o.a.j.t.JMeterThread: Thread finished: Thread Group 1-131
2026-02-22 12:17:25,277 INFO o.a.j.t.JMeterThread: Thread started: Thread Group 1-132
2026-02-22 12:17:25,277 INFO o.a.j.p.t.s.TCPClientImpl: Using platform default charset:UTF-8
2026-02-22 12:17:25,277 INFO o.a.j.p.t.s.TCPSampler: Using eolByte=10
2026-02-22 12:17:25,281 INFO o.a.j.t.JMeterThread: Thread is done: Thread Group 1-132
2026-02-22 12:17:25,281 INFO o.a.j.t.JMeterThread: Thread finished: Thread Group 1-132
2026-02-22 12:17:25,576 INFO o.a.j.t.JMeterThread: Thread started: Thread Group 1-133
2026-02-22 12:17:25,577 INFO o.a.j.p.t.s.TCPClientImpl: Using platform default charset:UTF-8
2026-02-22 12:17:25,577 INFO o.a.j.p.t.s.TCPSampler: Using eolByte=10
2026-02-22 12:17:25,581 INFO o.a.j.t.JMeterThread: Thread is done: Thread Group 1-133
2026-02-22 12:17:25,582 INFO o.a.j.t.JMeterThread: Thread finished: Thread Group 1-133
2026-02-22 12:17:25,877 INFO o.a.j.t.JMeterThread: Thread started: Thread Group 1-134
2026-02-22 12:17:25,881 INFO o.a.j.p.t.s.TCPClientImpl: Using platform default charset:UTF-8
2026-02-22 12:17:25,881 INFO o.a.j.p.t.s.TCPSampler: Using eolByte=10
2026-02-22 12:17:25,886 INFO o.a.j.t.JMeterThread: Thread is done: Thread Group 1-134
2026-02-22 12:17:25,886 INFO o.a.j.t.JMeterThread: Thread finished: Thread Group 1-134
2026-02-22 12:17:26,177 INFO o.a.j.t.JMeterThread: Thread started: Thread Group 1-135
2026-02-22 12:17:26,178 INFO o.a.j.p.t.s.TCPClientImpl: Using platform default charset:UTF-8
2026-02-22 12:17:26,178 INFO o.a.j.p.t.s.TCPSampler: Using eolByte=10
2026-02-22 12:17:26,182 INFO o.a.j.t.JMeterThread: Thread is done: Thread Group 1-135
2026-02-22 12:17:26,183 INFO o.a.j.t.JMeterThread: Thread finished: Thread Group 1-135
2026-02-22 12:17:26,475 INFO o.a.j.t.JMeterThread: Thread started: Thread Group 1-136
2026-02-22 12:17:26,476 INFO o.a.j.p.t.s.TCPClientImpl: Using platform default charset:UTF-8
2026-02-22 12:17:26,476 INFO o.a.j.p.t.s.TCPSampler: Using eolByte=10
2026-02-22 12:17:26,480 INFO o.a.j.t.JMeterThread: Thread is done: Thread Group 1-136
2026-02-22 12:17:26,481 INFO o.a.j.t.JMeterThread: Thread finished: Thread Group 1-136
2026-02-22 12:17:26,775 INFO o.a.j.t.JMeterThread: Thread started: Thread Group 1-137
2026-02-22 12:17:26,776 INFO o.a.j.p.t.s.TCPClientImpl: Using platform default charset:UTF-8
2026-02-22 12:17:26,776 INFO o.a.j.p.t.s.TCPSampler: Using eolByte=10
2026-02-22 12:17:26,780 INFO o.a.j.t.JMeterThread: Thread is done: Thread Group 1-137
2026-02-22 12:17:26,781 INFO o.a.j.t.JMeterThread: Thread finished: Thread Group 1-137
2026-02-22 12:17:27,076 INFO o.a.j.t.JMeterThread: Thread started: Thread Group 1-138
2026-02-22 12:17:27,077 INFO o.a.j.p.t.s.TCPClientImpl: Using platform default charset:UTF-8
2026-02-22 12:17:27,077 INFO o.a.j.p.t.s.TCPSampler: Using eolByte=10
2026-02-22 12:17:27,080 INFO o.a.j.t.JMeterThread: Thread is done: Thread Group 1-138
2026-02-22 12:17:27,080 INFO o.a.j.t.JMeterThread: Thread finished: Thread Group 1-138
2026-02-22 12:17:27,378 INFO o.a.j.t.JMeterThread: Thread started: Thread Group 1-139
2026-02-22 12:17:27,379 INFO o.a.j.p.t.s.TCPClientImpl: Using platform default charset:UTF-8
2026-02-22 12:17:27,379 INFO o.a.j.p.t.s.TCPSampler: Using eolByte=10
2026-02-22 12:17:27,384 INFO o.a.j.t.JMeterThread: Thread is done: Thread Group 1-139
2026-02-22 12:17:27,385 INFO o.a.j.t.JMeterThread: Thread finished: Thread Group 1-139
2026-02-22 12:17:27,678 INFO o.a.j.t.JMeterThread: Thread started: Thread Group 1-140
2026-02-22 12:17:27,679 INFO o.a.j.p.t.s.TCPClientImpl: Using platform default charset:UTF-8
2026-02-22 12:17:27,679 INFO o.a.j.p.t.s.TCPSampler: Using eolByte=10
2026-02-22 12:17:27,682 INFO o.a.j.t.JMeterThread: Thread is done: Thread Group 1-140
2026-02-22 12:17:27,683 INFO o.a.j.t.JMeterThread: Thread finished: Thread Group 1-140
2026-02-22 12:17:27,978 INFO o.a.j.t.JMeterThread: Thread started: Thread Group 1-141
2026-02-22 12:17:27,979 INFO o.a.j.p.t.s.TCPClientImpl: Using platform default charset:UTF-8
2026-02-22 12:17:27,979 INFO o.a.j.p.t.s.TCPSampler: Using eolByte=10
2026-02-22 12:17:27,983 INFO o.a.j.t.JMeterThread: Thread is done: Thread Group 1-141
2026-02-22 12:17:27,984 INFO o.a.j.t.JMeterThread: Thread finished: Thread Group 1-141
2026-02-22 12:17:28,281 INFO o.a.j.t.JMeterThread: Thread started: Thread Group 1-142
2026-02-22 12:17:28,282 INFO o.a.j.p.t.s.TCPClientImpl: Using platform default charset:UTF-8
2026-02-22 12:17:28,282 INFO o.a.j.p.t.s.TCPSampler: Using eolByte=10
2026-02-22 12:17:28,285 INFO o.a.j.t.JMeterThread: Thread is done: Thread Group 1-142
2026-02-22 12:17:28,285 INFO o.a.j.t.JMeterThread: Thread finished: Thread Group 1-142
2026-02-22 12:17:28,580 INFO o.a.j.t.JMeterThread: Thread started: Thread Group 1-143
2026-02-22 12:17:28,581 INFO o.a.j.p.t.s.TCPClientImpl: Using platform default charset:UTF-8
2026-02-22 12:17:28,581 INFO o.a.j.p.t.s.TCPSampler: Using eolByte=10
2026-02-22 12:17:28,587 INFO o.a.j.t.JMeterThread: Thread is done: Thread Group 1-143
2026-02-22 12:17:28,587 INFO o.a.j.t.JMeterThread: Thread finished: Thread Group 1-143
2026-02-22 12:17:28,880 INFO o.a.j.t.JMeterThread: Thread started: Thread Group 1-144
2026-02-22 12:17:28,880 INFO o.a.j.p.t.s.TCPClientImpl: Using platform default charset:UTF-8
2026-02-22 12:17:28,880 INFO o.a.j.p.t.s.TCPSampler: Using eolByte=10
2026-02-22 12:17:28,884 INFO o.a.j.t.JMeterThread: Thread is done: Thread Group 1-144
2026-02-22 12:17:28,885 INFO o.a.j.t.JMeterThread: Thread finished: Thread Group 1-144
2026-02-22 12:17:29,179 INFO o.a.j.t.JMeterThread: Thread started: Thread Group 1-145
2026-02-22 12:17:29,183 INFO o.a.j.p.t.s.TCPClientImpl: Using platform default charset:UTF-8
2026-02-22 12:17:29,183 INFO o.a.j.p.t.s.TCPSampler: Using eolByte=10
2026-02-22 12:17:29,189 INFO o.a.j.t.JMeterThread: Thread is done: Thread Group 1-145
2026-02-22 12:17:29,190 INFO o.a.j.t.JMeterThread: Thread finished: Thread Group 1-145
2026-02-22 12:17:29,479 INFO o.a.j.t.JMeterThread: Thread started: Thread Group 1-146
2026-02-22 12:17:29,480 INFO o.a.j.p.t.s.TCPClientImpl: Using platform default charset:UTF-8
2026-02-22 12:17:29,480 INFO o.a.j.p.t.s.TCPSampler: Using eolByte=10
2026-02-22 12:17:29,499 INFO o.a.j.t.JMeterThread: Thread is done: Thread Group 1-146
2026-02-22 12:17:29,500 INFO o.a.j.t.JMeterThread: Thread finished: Thread Group 1-146
2026-02-22 12:17:29,778 INFO o.a.j.t.JMeterThread: Thread started: Thread Group 1-147
2026-02-22 12:17:29,779 INFO o.a.j.p.t.s.TCPClientImpl: Using platform default charset:UTF-8
2026-02-22 12:17:29,779 INFO o.a.j.p.t.s.TCPSampler: Using eolByte=10
2026-02-22 12:17:29,782 INFO o.a.j.t.JMeterThread: Thread is done: Thread Group 1-147
2026-02-22 12:17:29,783 INFO o.a.j.t.JMeterThread: Thread finished: Thread Group 1-147
2026-02-22 12:17:30,079 INFO o.a.j.t.JMeterThread: Thread started: Thread Group 1-148
2026-02-22 12:17:30,080 INFO o.a.j.p.t.s.TCPClientImpl: Using platform default charset:UTF-8
2026-02-22 12:17:30,080 INFO o.a.j.p.t.s.TCPSampler: Using eolByte=10
2026-02-22 12:17:30,083 INFO o.a.j.t.JMeterThread: Thread is done: Thread Group 1-148
2026-02-22 12:17:30,083 INFO o.a.j.t.JMeterThread: Thread finished: Thread Group 1-148
2026-02-22 12:17:30,380 INFO o.a.j.t.JMeterThread: Thread started: Thread Group 1-149
2026-02-22 12:17:30,381 INFO o.a.j.p.t.s.TCPClientImpl: Using platform default charset:UTF-8
2026-02-22 12:17:30,381 INFO o.a.j.p.t.s.TCPSampler: Using eolByte=10
2026-02-22 12:17:30,384 INFO o.a.j.t.JMeterThread: Thread is done: Thread Group 1-149
2026-02-22 12:17:30,384 INFO o.a.j.t.JMeterThread: Thread finished: Thread Group 1-149
2026-02-22 12:17:30,678 INFO o.a.j.t.JMeterThread: Thread started: Thread Group 1-150
2026-02-22 12:17:30,679 INFO o.a.j.p.t.s.TCPClientImpl: Using platform default charset:UTF-8
2026-02-22 12:17:30,679 INFO o.a.j.p.t.s.TCPSampler: Using eolByte=10
2026-02-22 12:17:30,682 INFO o.a.j.t.JMeterThread: Thread is done: Thread Group 1-150
2026-02-22 12:17:30,683 INFO o.a.j.t.JMeterThread: Thread finished: Thread Group 1-150
2026-02-22 12:17:30,978 INFO o.a.j.t.JMeterThread: Thread started: Thread Group 1-151
2026-02-22 12:17:30,980 INFO o.a.j.p.t.s.TCPClientImpl: Using platform default charset:UTF-8
2026-02-22 12:17:30,980 INFO o.a.j.p.t.s.TCPSampler: Using eolByte=10
2026-02-22 12:17:30,985 INFO o.a.j.t.JMeterThread: Thread is done: Thread Group 1-151
2026-02-22 12:17:30,985 INFO o.a.j.t.JMeterThread: Thread finished: Thread Group 1-151
2026-02-22 12:17:31,278 INFO o.a.j.t.JMeterThread: Thread started: Thread Group 1-152
2026-02-22 12:17:31,279 INFO o.a.j.p.t.s.TCPClientImpl: Using platform default charset:UTF-8
2026-02-22 12:17:31,279 INFO o.a.j.p.t.s.TCPSampler: Using eolByte=10
2026-02-22 12:17:31,291 INFO o.a.j.t.JMeterThread: Thread is done: Thread Group 1-152
2026-02-22 12:17:31,291 INFO o.a.j.t.JMeterThread: Thread finished: Thread Group 1-152
2026-02-22 12:17:31,578 INFO o.a.j.t.JMeterThread: Thread started: Thread Group 1-153
2026-02-22 12:17:31,579 INFO o.a.j.p.t.s.TCPClientImpl: Using platform default charset:UTF-8
2026-02-22 12:17:31,579 INFO o.a.j.p.t.s.TCPSampler: Using eolByte=10
2026-02-22 12:17:31,582 INFO o.a.j.t.JMeterThread: Thread is done: Thread Group 1-153
2026-02-22 12:17:31,582 INFO o.a.j.t.JMeterThread: Thread finished: Thread Group 1-153
2026-02-22 12:17:31,876 INFO o.a.j.t.JMeterThread: Thread started: Thread Group 1-154
2026-02-22 12:17:31,877 INFO o.a.j.p.t.s.TCPClientImpl: Using platform default charset:UTF-8
2026-02-22 12:17:31,877 INFO o.a.j.p.t.s.TCPSampler: Using eolByte=10
2026-02-22 12:17:31,880 INFO o.a.j.t.JMeterThread: Thread is done: Thread Group 1-154
2026-02-22 12:17:31,880 INFO o.a.j.t.JMeterThread: Thread finished: Thread Group 1-154
2026-02-22 12:17:32,177 INFO o.a.j.t.JMeterThread: Thread started: Thread Group 1-155
2026-02-22 12:17:32,178 INFO o.a.j.p.t.s.TCPClientImpl: Using platform default charset:UTF-8
2026-02-22 12:17:32,178 INFO o.a.j.p.t.s.TCPSampler: Using eolByte=10
2026-02-22 12:17:32,182 INFO o.a.j.t.JMeterThread: Thread is done: Thread Group 1-155
2026-02-22 12:17:32,182 INFO o.a.j.t.JMeterThread: Thread finished: Thread Group 1-155
2026-02-22 12:17:32,477 INFO o.a.j.t.JMeterThread: Thread started: Thread Group 1-156
2026-02-22 12:17:32,478 INFO o.a.j.p.t.s.TCPClientImpl: Using platform default charset:UTF-8
2026-02-22 12:17:32,478 INFO o.a.j.p.t.s.TCPSampler: Using eolByte=10
2026-02-22 12:17:32,482 INFO o.a.j.t.JMeterThread: Thread is done: Thread Group 1-156
2026-02-22 12:17:32,482 INFO o.a.j.t.JMeterThread: Thread finished: Thread Group 1-156
2026-02-22 12:17:32,776 INFO o.a.j.t.JMeterThread: Thread started: Thread Group 1-157
2026-02-22 12:17:32,777 INFO o.a.j.p.t.s.TCPClientImpl: Using platform default charset:UTF-8
2026-02-22 12:17:32,777 INFO o.a.j.p.t.s.TCPSampler: Using eolByte=10
2026-02-22 12:17:32,781 INFO o.a.j.t.JMeterThread: Thread is done: Thread Group 1-157
2026-02-22 12:17:32,781 INFO o.a.j.t.JMeterThread: Thread finished: Thread Group 1-157
2026-02-22 12:17:33,076 INFO o.a.j.t.JMeterThread: Thread started: Thread Group 1-158
2026-02-22 12:17:33,076 INFO o.a.j.p.t.s.TCPClientImpl: Using platform default charset:UTF-8
2026-02-22 12:17:33,076 INFO o.a.j.p.t.s.TCPSampler: Using eolByte=10
2026-02-22 12:17:33,078 INFO o.a.j.t.JMeterThread: Thread is done: Thread Group 1-158
2026-02-22 12:17:33,079 INFO o.a.j.t.JMeterThread: Thread finished: Thread Group 1-158
2026-02-22 12:17:33,375 INFO o.a.j.t.JMeterThread: Thread started: Thread Group 1-159
2026-02-22 12:17:33,376 INFO o.a.j.p.t.s.TCPClientImpl: Using platform default charset:UTF-8
2026-02-22 12:17:33,376 INFO o.a.j.p.t.s.TCPSampler: Using eolByte=10
2026-02-22 12:17:33,382 INFO o.a.j.t.JMeterThread: Thread is done: Thread Group 1-159
2026-02-22 12:17:33,382 INFO o.a.j.t.JMeterThread: Thread finished: Thread Group 1-159
2026-02-22 12:17:33,675 INFO o.a.j.t.JMeterThread: Thread started: Thread Group 1-160
2026-02-22 12:17:33,676 INFO o.a.j.p.t.s.TCPClientImpl: Using platform default charset:UTF-8
2026-02-22 12:17:33,676 INFO o.a.j.p.t.s.TCPSampler: Using eolByte=10
2026-02-22 12:17:33,679 INFO o.a.j.t.JMeterThread: Thread is done: Thread Group 1-160
2026-02-22 12:17:33,679 INFO o.a.j.t.JMeterThread: Thread finished: Thread Group 1-160
2026-02-22 12:17:33,976 INFO o.a.j.t.JMeterThread: Thread started: Thread Group 1-161
2026-02-22 12:17:33,976 INFO o.a.j.p.t.s.TCPClientImpl: Using platform default charset:UTF-8
2026-02-22 12:17:33,976 INFO o.a.j.p.t.s.TCPSampler: Using eolByte=10
2026-02-22 12:17:33,980 INFO o.a.j.t.JMeterThread: Thread is done: Thread Group 1-161
2026-02-22 12:17:33,981 INFO o.a.j.t.JMeterThread: Thread finished: Thread Group 1-161
2026-02-22 12:17:34,276 INFO o.a.j.t.JMeterThread: Thread started: Thread Group 1-162
2026-02-22 12:17:34,276 INFO o.a.j.p.t.s.TCPClientImpl: Using platform default charset:UTF-8
2026-02-22 12:17:34,276 INFO o.a.j.p.t.s.TCPSampler: Using eolByte=10
2026-02-22 12:17:34,280 INFO o.a.j.t.JMeterThread: Thread is done: Thread Group 1-162
2026-02-22 12:17:34,280 INFO o.a.j.t.JMeterThread: Thread finished: Thread Group 1-162
2026-02-22 12:17:34,576 INFO o.a.j.t.JMeterThread: Thread started: Thread Group 1-163
2026-02-22 12:17:34,577 INFO o.a.j.p.t.s.TCPClientImpl: Using platform default charset:UTF-8
2026-02-22 12:17:34,577 INFO o.a.j.p.t.s.TCPSampler: Using eolByte=10
2026-02-22 12:17:34,580 INFO o.a.j.t.JMeterThread: Thread is done: Thread Group 1-163
2026-02-22 12:17:34,581 INFO o.a.j.t.JMeterThread: Thread finished: Thread Group 1-163
2026-02-22 12:17:34,874 INFO o.a.j.t.JMeterThread: Thread started: Thread Group 1-164
2026-02-22 12:17:34,875 INFO o.a.j.p.t.s.TCPClientImpl: Using platform default charset:UTF-8
2026-02-22 12:17:34,875 INFO o.a.j.p.t.s.TCPSampler: Using eolByte=10
2026-02-22 12:17:34,878 INFO o.a.j.t.JMeterThread: Thread is done: Thread Group 1-164
2026-02-22 12:17:34,879 INFO o.a.j.t.JMeterThread: Thread finished: Thread Group 1-164
2026-02-22 12:17:35,176 INFO o.a.j.t.JMeterThread: Thread started: Thread Group 1-165
2026-02-22 12:17:35,177 INFO o.a.j.p.t.s.TCPClientImpl: Using platform default charset:UTF-8
2026-02-22 12:17:35,178 INFO o.a.j.p.t.s.TCPSampler: Using eolByte=10
2026-02-22 12:17:35,182 INFO o.a.j.t.JMeterThread: Thread is done: Thread Group 1-165
2026-02-22 12:17:35,182 INFO o.a.j.t.JMeterThread: Thread finished: Thread Group 1-165
2026-02-22 12:17:35,477 INFO o.a.j.t.JMeterThread: Thread started: Thread Group 1-166
2026-02-22 12:17:35,477 INFO o.a.j.p.t.s.TCPClientImpl: Using platform default charset:UTF-8
2026-02-22 12:17:35,477 INFO o.a.j.p.t.s.TCPSampler: Using eolByte=10
2026-02-22 12:17:35,482 INFO o.a.j.t.JMeterThread: Thread is done: Thread Group 1-166
2026-02-22 12:17:35,482 INFO o.a.j.t.JMeterThread: Thread finished: Thread Group 1-166
2026-02-22 12:17:35,775 INFO o.a.j.t.JMeterThread: Thread started: Thread Group 1-167
2026-02-22 12:17:35,776 INFO o.a.j.p.t.s.TCPClientImpl: Using platform default charset:UTF-8
2026-02-22 12:17:35,776 INFO o.a.j.p.t.s.TCPSampler: Using eolByte=10
2026-02-22 12:17:35,780 INFO o.a.j.t.JMeterThread: Thread is done: Thread Group 1-167
2026-02-22 12:17:35,780 INFO o.a.j.t.JMeterThread: Thread finished: Thread Group 1-167
2026-02-22 12:17:36,075 INFO o.a.j.t.JMeterThread: Thread started: Thread Group 1-168
2026-02-22 12:17:36,076 INFO o.a.j.p.t.s.TCPClientImpl: Using platform default charset:UTF-8
2026-02-22 12:17:36,076 INFO o.a.j.p.t.s.TCPSampler: Using eolByte=10
2026-02-22 12:17:36,079 INFO o.a.j.t.JMeterThread: Thread is done: Thread Group 1-168
2026-02-22 12:17:36,080 INFO o.a.j.t.JMeterThread: Thread finished: Thread Group 1-168
2026-02-22 12:17:36,376 INFO o.a.j.t.JMeterThread: Thread started: Thread Group 1-169
2026-02-22 12:17:36,377 INFO o.a.j.p.t.s.TCPClientImpl: Using platform default charset:UTF-8
2026-02-22 12:17:36,377 INFO o.a.j.p.t.s.TCPSampler: Using eolByte=10
2026-02-22 12:17:36,380 INFO o.a.j.t.JMeterThread: Thread is done: Thread Group 1-169
2026-02-22 12:17:36,380 INFO o.a.j.t.JMeterThread: Thread finished: Thread Group 1-169
2026-02-22 12:17:36,676 INFO o.a.j.t.JMeterThread: Thread started: Thread Group 1-170
2026-02-22 12:17:36,677 INFO o.a.j.p.t.s.TCPClientImpl: Using platform default charset:UTF-8
2026-02-22 12:17:36,677 INFO o.a.j.p.t.s.TCPSampler: Using eolByte=10
2026-02-22 12:17:36,681 INFO o.a.j.t.JMeterThread: Thread is done: Thread Group 1-170
2026-02-22 12:17:36,681 INFO o.a.j.t.JMeterThread: Thread finished: Thread Group 1-170
2026-02-22 12:17:36,976 INFO o.a.j.t.JMeterThread: Thread started: Thread Group 1-171
2026-02-22 12:17:36,976 INFO o.a.j.p.t.s.TCPClientImpl: Using platform default charset:UTF-8
2026-02-22 12:17:36,976 INFO o.a.j.p.t.s.TCPSampler: Using eolByte=10
2026-02-22 12:17:36,980 INFO o.a.j.t.JMeterThread: Thread is done: Thread Group 1-171
2026-02-22 12:17:36,980 INFO o.a.j.t.JMeterThread: Thread finished: Thread Group 1-171
2026-02-22 12:17:37,275 INFO o.a.j.t.JMeterThread: Thread started: Thread Group 1-172
2026-02-22 12:17:37,276 INFO o.a.j.p.t.s.TCPClientImpl: Using platform default charset:UTF-8
2026-02-22 12:17:37,276 INFO o.a.j.p.t.s.TCPSampler: Using eolByte=10
2026-02-22 12:17:37,281 INFO o.a.j.t.JMeterThread: Thread is done: Thread Group 1-172
2026-02-22 12:17:37,281 INFO o.a.j.t.JMeterThread: Thread finished: Thread Group 1-172
2026-02-22 12:17:37,575 INFO o.a.j.t.JMeterThread: Thread started: Thread Group 1-173
2026-02-22 12:17:37,576 INFO o.a.j.p.t.s.TCPClientImpl: Using platform default charset:UTF-8
2026-02-22 12:17:37,576 INFO o.a.j.p.t.s.TCPSampler: Using eolByte=10
2026-02-22 12:17:37,579 INFO o.a.j.t.JMeterThread: Thread is done: Thread Group 1-173
2026-02-22 12:17:37,579 INFO o.a.j.t.JMeterThread: Thread finished: Thread Group 1-173
2026-02-22 12:17:37,874 INFO o.a.j.t.JMeterThread: Thread started: Thread Group 1-174
2026-02-22 12:17:37,875 INFO o.a.j.p.t.s.TCPClientImpl: Using platform default charset:UTF-8
2026-02-22 12:17:37,877 INFO o.a.j.p.t.s.TCPSampler: Using eolByte=10
2026-02-22 12:17:37,881 INFO o.a.j.t.JMeterThread: Thread is done: Thread Group 1-174
2026-02-22 12:17:37,882 INFO o.a.j.t.JMeterThread: Thread finished: Thread Group 1-174
2026-02-22 12:17:38,176 INFO o.a.j.t.JMeterThread: Thread started: Thread Group 1-175
2026-02-22 12:17:38,177 INFO o.a.j.p.t.s.TCPClientImpl: Using platform default charset:UTF-8
2026-02-22 12:17:38,177 INFO o.a.j.p.t.s.TCPSampler: Using eolByte=10
2026-02-22 12:17:38,181 INFO o.a.j.t.JMeterThread: Thread is done: Thread Group 1-175
2026-02-22 12:17:38,182 INFO o.a.j.t.JMeterThread: Thread finished: Thread Group 1-175
2026-02-22 12:17:38,476 INFO o.a.j.t.JMeterThread: Thread started: Thread Group 1-176
2026-02-22 12:17:38,477 INFO o.a.j.p.t.s.TCPClientImpl: Using platform default charset:UTF-8
2026-02-22 12:17:38,477 INFO o.a.j.p.t.s.TCPSampler: Using eolByte=10
2026-02-22 12:17:38,482 INFO o.a.j.t.JMeterThread: Thread is done: Thread Group 1-176
2026-02-22 12:17:38,482 INFO o.a.j.t.JMeterThread: Thread finished: Thread Group 1-176
2026-02-22 12:17:38,775 INFO o.a.j.t.JMeterThread: Thread started: Thread Group 1-177
2026-02-22 12:17:38,776 INFO o.a.j.p.t.s.TCPClientImpl: Using platform default charset:UTF-8
2026-02-22 12:17:38,776 INFO o.a.j.p.t.s.TCPSampler: Using eolByte=10
2026-02-22 12:17:38,781 INFO o.a.j.t.JMeterThread: Thread is done: Thread Group 1-177
2026-02-22 12:17:38,781 INFO o.a.j.t.JMeterThread: Thread finished: Thread Group 1-177
2026-02-22 12:17:39,075 INFO o.a.j.t.JMeterThread: Thread started: Thread Group 1-178
2026-02-22 12:17:39,076 INFO o.a.j.p.t.s.TCPClientImpl: Using platform default charset:UTF-8
2026-02-22 12:17:39,076 INFO o.a.j.p.t.s.TCPSampler: Using eolByte=10
2026-02-22 12:17:39,087 INFO o.a.j.t.JMeterThread: Thread is done: Thread Group 1-178
2026-02-22 12:17:39,087 INFO o.a.j.t.JMeterThread: Thread finished: Thread Group 1-178
2026-02-22 12:17:39,375 INFO o.a.j.t.JMeterThread: Thread started: Thread Group 1-179
2026-02-22 12:17:39,376 INFO o.a.j.p.t.s.TCPClientImpl: Using platform default charset:UTF-8
2026-02-22 12:17:39,376 INFO o.a.j.p.t.s.TCPSampler: Using eolByte=10
2026-02-22 12:17:39,381 INFO o.a.j.t.JMeterThread: Thread is done: Thread Group 1-179
2026-02-22 12:17:39,381 INFO o.a.j.t.JMeterThread: Thread finished: Thread Group 1-179
2026-02-22 12:17:39,675 INFO o.a.j.t.JMeterThread: Thread started: Thread Group 1-180
2026-02-22 12:17:39,676 INFO o.a.j.p.t.s.TCPClientImpl: Using platform default charset:UTF-8
2026-02-22 12:17:39,676 INFO o.a.j.p.t.s.TCPSampler: Using eolByte=10
2026-02-22 12:17:39,680 INFO o.a.j.t.JMeterThread: Thread is done: Thread Group 1-180
2026-02-22 12:17:39,680 INFO o.a.j.t.JMeterThread: Thread finished: Thread Group 1-180
2026-02-22 12:17:39,975 INFO o.a.j.t.JMeterThread: Thread started: Thread Group 1-181
2026-02-22 12:17:39,975 INFO o.a.j.p.t.s.TCPClientImpl: Using platform default charset:UTF-8
2026-02-22 12:17:39,977 INFO o.a.j.p.t.s.TCPSampler: Using eolByte=10
2026-02-22 12:17:39,981 INFO o.a.j.t.JMeterThread: Thread is done: Thread Group 1-181
2026-02-22 12:17:39,982 INFO o.a.j.t.JMeterThread: Thread finished: Thread Group 1-181
2026-02-22 12:17:40,274 INFO o.a.j.t.JMeterThread: Thread started: Thread Group 1-182
2026-02-22 12:17:40,275 INFO o.a.j.p.t.s.TCPClientImpl: Using platform default charset:UTF-8
2026-02-22 12:17:40,275 INFO o.a.j.p.t.s.TCPSampler: Using eolByte=10
2026-02-22 12:17:40,279 INFO o.a.j.t.JMeterThread: Thread is done: Thread Group 1-182
2026-02-22 12:17:40,280 INFO o.a.j.t.JMeterThread: Thread finished: Thread Group 1-182
2026-02-22 12:17:40,574 INFO o.a.j.t.JMeterThread: Thread started: Thread Group 1-183
2026-02-22 12:17:40,575 INFO o.a.j.p.t.s.TCPClientImpl: Using platform default charset:UTF-8
2026-02-22 12:17:40,575 INFO o.a.j.p.t.s.TCPSampler: Using eolByte=10
2026-02-22 12:17:40,579 INFO o.a.j.t.JMeterThread: Thread is done: Thread Group 1-183
2026-02-22 12:17:40,579 INFO o.a.j.t.JMeterThread: Thread finished: Thread Group 1-183
2026-02-22 12:17:40,877 INFO o.a.j.t.JMeterThread: Thread started: Thread Group 1-184
2026-02-22 12:17:40,878 INFO o.a.j.p.t.s.TCPClientImpl: Using platform default charset:UTF-8
2026-02-22 12:17:40,878 INFO o.a.j.p.t.s.TCPSampler: Using eolByte=10
2026-02-22 12:17:40,880 INFO o.a.j.t.JMeterThread: Thread is done: Thread Group 1-184
2026-02-22 12:17:40,882 INFO o.a.j.t.JMeterThread: Thread finished: Thread Group 1-184
2026-02-22 12:17:41,177 INFO o.a.j.t.JMeterThread: Thread started: Thread Group 1-185
2026-02-22 12:17:41,178 INFO o.a.j.p.t.s.TCPClientImpl: Using platform default charset:UTF-8
2026-02-22 12:17:41,178 INFO o.a.j.p.t.s.TCPSampler: Using eolByte=10
2026-02-22 12:17:41,182 INFO o.a.j.t.JMeterThread: Thread is done: Thread Group 1-185
2026-02-22 12:17:41,182 INFO o.a.j.t.JMeterThread: Thread finished: Thread Group 1-185
2026-02-22 12:17:41,477 INFO o.a.j.t.JMeterThread: Thread started: Thread Group 1-186
2026-02-22 12:17:41,479 INFO o.a.j.p.t.s.TCPClientImpl: Using platform default charset:UTF-8
2026-02-22 12:17:41,479 INFO o.a.j.p.t.s.TCPSampler: Using eolByte=10
2026-02-22 12:17:41,483 INFO o.a.j.t.JMeterThread: Thread is done: Thread Group 1-186
2026-02-22 12:17:41,483 INFO o.a.j.t.JMeterThread: Thread finished: Thread Group 1-186
2026-02-22 12:17:41,775 INFO o.a.j.t.JMeterThread: Thread started: Thread Group 1-187
2026-02-22 12:17:41,776 INFO o.a.j.p.t.s.TCPClientImpl: Using platform default charset:UTF-8
2026-02-22 12:17:41,776 INFO o.a.j.p.t.s.TCPSampler: Using eolByte=10
2026-02-22 12:17:41,783 INFO o.a.j.t.JMeterThread: Thread is done: Thread Group 1-187
2026-02-22 12:17:41,783 INFO o.a.j.t.JMeterThread: Thread finished: Thread Group 1-187
2026-02-22 12:17:42,075 INFO o.a.j.t.JMeterThread: Thread started: Thread Group 1-188
2026-02-22 12:17:42,077 INFO o.a.j.p.t.s.TCPClientImpl: Using platform default charset:UTF-8
2026-02-22 12:17:42,077 INFO o.a.j.p.t.s.TCPSampler: Using eolByte=10
2026-02-22 12:17:42,081 INFO o.a.j.t.JMeterThread: Thread is done: Thread Group 1-188
2026-02-22 12:17:42,081 INFO o.a.j.t.JMeterThread: Thread finished: Thread Group 1-188
2026-02-22 12:17:42,376 INFO o.a.j.t.JMeterThread: Thread started: Thread Group 1-189
2026-02-22 12:17:42,378 INFO o.a.j.p.t.s.TCPClientImpl: Using platform default charset:UTF-8
2026-02-22 12:17:42,378 INFO o.a.j.p.t.s.TCPSampler: Using eolByte=10
2026-02-22 12:17:42,382 INFO o.a.j.t.JMeterThread: Thread is done: Thread Group 1-189
2026-02-22 12:17:42,382 INFO o.a.j.t.JMeterThread: Thread finished: Thread Group 1-189
2026-02-22 12:17:42,676 INFO o.a.j.t.JMeterThread: Thread started: Thread Group 1-190
2026-02-22 12:17:42,677 INFO o.a.j.p.t.s.TCPClientImpl: Using platform default charset:UTF-8
2026-02-22 12:17:42,677 INFO o.a.j.p.t.s.TCPSampler: Using eolByte=10
2026-02-22 12:17:42,681 INFO o.a.j.t.JMeterThread: Thread is done: Thread Group 1-190
2026-02-22 12:17:42,681 INFO o.a.j.t.JMeterThread: Thread finished: Thread Group 1-190
2026-02-22 12:17:42,976 INFO o.a.j.t.JMeterThread: Thread started: Thread Group 1-191
2026-02-22 12:17:42,977 INFO o.a.j.p.t.s.TCPClientImpl: Using platform default charset:UTF-8
2026-02-22 12:17:42,977 INFO o.a.j.p.t.s.TCPSampler: Using eolByte=10
2026-02-22 12:17:42,980 INFO o.a.j.t.JMeterThread: Thread is done: Thread Group 1-191
2026-02-22 12:17:42,981 INFO o.a.j.t.JMeterThread: Thread finished: Thread Group 1-191
2026-02-22 12:17:43,276 INFO o.a.j.t.JMeterThread: Thread started: Thread Group 1-192
2026-02-22 12:17:43,278 INFO o.a.j.p.t.s.TCPClientImpl: Using platform default charset:UTF-8
2026-02-22 12:17:43,278 INFO o.a.j.p.t.s.TCPSampler: Using eolByte=10
2026-02-22 12:17:43,283 INFO o.a.j.t.JMeterThread: Thread is done: Thread Group 1-192
2026-02-22 12:17:43,283 INFO o.a.j.t.JMeterThread: Thread finished: Thread Group 1-192
2026-02-22 12:17:43,577 INFO o.a.j.t.JMeterThread: Thread started: Thread Group 1-193
2026-02-22 12:17:43,578 INFO o.a.j.p.t.s.TCPClientImpl: Using platform default charset:UTF-8
2026-02-22 12:17:43,578 INFO o.a.j.p.t.s.TCPSampler: Using eolByte=10
2026-02-22 12:17:43,581 INFO o.a.j.t.JMeterThread: Thread is done: Thread Group 1-193
2026-02-22 12:17:43,581 INFO o.a.j.t.JMeterThread: Thread finished: Thread Group 1-193
2026-02-22 12:17:43,876 INFO o.a.j.t.JMeterThread: Thread started: Thread Group 1-194
2026-02-22 12:17:43,877 INFO o.a.j.p.t.s.TCPClientImpl: Using platform default charset:UTF-8
2026-02-22 12:17:43,877 INFO o.a.j.p.t.s.TCPSampler: Using eolByte=10
2026-02-22 12:17:43,881 INFO o.a.j.t.JMeterThread: Thread is done: Thread Group 1-194
2026-02-22 12:17:43,881 INFO o.a.j.t.JMeterThread: Thread finished: Thread Group 1-194
2026-02-22 12:17:44,175 INFO o.a.j.t.JMeterThread: Thread started: Thread Group 1-195
2026-02-22 12:17:44,176 INFO o.a.j.p.t.s.TCPClientImpl: Using platform default charset:UTF-8
2026-02-22 12:17:44,176 INFO o.a.j.p.t.s.TCPSampler: Using eolByte=10
2026-02-22 12:17:44,180 INFO o.a.j.t.JMeterThread: Thread is done: Thread Group 1-195
2026-02-22 12:17:44,181 INFO o.a.j.t.JMeterThread: Thread finished: Thread Group 1-195
2026-02-22 12:17:44,476 INFO o.a.j.t.JMeterThread: Thread started: Thread Group 1-196
2026-02-22 12:17:44,477 INFO o.a.j.p.t.s.TCPClientImpl: Using platform default charset:UTF-8
2026-02-22 12:17:44,477 INFO o.a.j.p.t.s.TCPSampler: Using eolByte=10
2026-02-22 12:17:44,480 INFO o.a.j.t.JMeterThread: Thread is done: Thread Group 1-196
2026-02-22 12:17:44,480 INFO o.a.j.t.JMeterThread: Thread finished: Thread Group 1-196
2026-02-22 12:17:44,776 INFO o.a.j.t.JMeterThread: Thread started: Thread Group 1-197
2026-02-22 12:17:44,778 INFO o.a.j.p.t.s.TCPClientImpl: Using platform default charset:UTF-8
2026-02-22 12:17:44,779 INFO o.a.j.p.t.s.TCPSampler: Using eolByte=10
2026-02-22 12:17:44,785 INFO o.a.j.t.JMeterThread: Thread is done: Thread Group 1-197
2026-02-22 12:17:44,785 INFO o.a.j.t.JMeterThread: Thread finished: Thread Group 1-197
2026-02-22 12:17:45,076 INFO o.a.j.t.JMeterThread: Thread started: Thread Group 1-198
2026-02-22 12:17:45,076 INFO o.a.j.p.t.s.TCPClientImpl: Using platform default charset:UTF-8
2026-02-22 12:17:45,076 INFO o.a.j.p.t.s.TCPSampler: Using eolByte=10
2026-02-22 12:17:45,081 INFO o.a.j.t.JMeterThread: Thread is done: Thread Group 1-198
2026-02-22 12:17:45,082 INFO o.a.j.t.JMeterThread: Thread finished: Thread Group 1-198
2026-02-22 12:17:45,374 INFO o.a.j.t.JMeterThread: Thread started: Thread Group 1-199
2026-02-22 12:17:45,375 INFO o.a.j.p.t.s.TCPClientImpl: Using platform default charset:UTF-8
2026-02-22 12:17:45,375 INFO o.a.j.p.t.s.TCPSampler: Using eolByte=10
2026-02-22 12:17:45,379 INFO o.a.j.t.JMeterThread: Thread is done: Thread Group 1-199
2026-02-22 12:17:45,379 INFO o.a.j.t.JMeterThread: Thread finished: Thread Group 1-199
2026-02-22 12:17:45,675 INFO o.a.j.t.JMeterThread: Thread started: Thread Group 1-200
2026-02-22 12:17:45,675 INFO o.a.j.p.t.s.TCPClientImpl: Using platform default charset:UTF-8
2026-02-22 12:17:45,675 INFO o.a.j.p.t.s.TCPSampler: Using eolByte=10
2026-02-22 12:17:45,678 INFO o.a.j.t.JMeterThread: Thread is done: Thread Group 1-200
2026-02-22 12:17:45,679 INFO o.a.j.t.JMeterThread: Thread finished: Thread Group 1-200
2026-02-22 12:17:45,681 INFO o.a.j.e.StandardJMeterEngine: Notifying test listeners of end of test
2026-02-22 12:17:45,683 INFO o.a.j.g.u.JMeterMenuBar: setRunning(false, *local*)
